#
# There is insufficient memory for the Java Runtime Environment to continue.
# Native memory allocation (malloc) failed to allocate 258176 bytes for Chunk::new
# Possible reasons:
#   The system is out of physical RAM or swap space
#   The process is running with CompressedOops enabled, and the Java Heap may be blocking the growth of the native heap
# Possible solutions:
#   Reduce memory load on the system
#   Increase physical memory or swap space
#   Check if swap backing store is full
#   Decrease Java heap size (-Xmx/-Xms)
#   Decrease number of Java threads
#   Decrease Java thread stack sizes (-Xss)
#   Set larger code cache with -XX:ReservedCodeCacheSize=
#   JVM is running with Zero Based Compressed Oops mode in which the Java heap is
#     placed in the first 32GB address space. The Java Heap base address is the
#     maximum limit for the native heap growth. Please use -XX:HeapBaseMinAddress
#     to set the Java Heap base and to place the Java Heap above 32GB virtual address.
# This output file may be truncated or incomplete.
#
#  Out of Memory Error (allocation.cpp:390), pid=7608, tid=0x0000000000000f20
#
# JRE version: OpenJDK Runtime Environment (8.0_201-b09) (build 1.8.0_201-1-ojdkbuild-b09)
# Java VM: OpenJDK 64-Bit Server VM (25.201-b09 mixed mode windows-amd64 compressed oops)
# Failed to write core dump. Minidumps are not enabled by default on client versions of Windows
#

---------------  T H R E A D  ---------------

Current thread (0x000000001d84c000):  JavaThread "C2 CompilerThread1" daemon [_thread_in_native, id=3872, stack(0x000000001f450000,0x000000001f550000)]

Stack: [0x000000001f450000,0x000000001f550000]
[error occurred during error reporting (printing stack bounds), id 0xc0000005]

Native frames: (J=compiled Java code, j=interpreted, Vv=VM code, C=native code)


Current CompileTask:
C2:    390  594   !   4       sun.font.TrueTypeFont::getTableBuffer (199 bytes)


---------------  P R O C E S S  ---------------

Java Threads: ( => current thread )
  0x0000000002a08000 JavaThread "DestroyJavaVM" [_thread_blocked, id=20172, stack(0x00000000028a0000,0x00000000029a0000)]
  0x000000001fc5b800 JavaThread "AWT-EventQueue-0" [_thread_in_native, id=5160, stack(0x0000000021740000,0x0000000021840000)]
  0x000000001fc4a800 JavaThread "AWT-Windows" daemon [_thread_in_native, id=212, stack(0x0000000020580000,0x0000000020680000)]
  0x000000001fc49800 JavaThread "AWT-Shutdown" [_thread_blocked, id=396, stack(0x0000000020480000,0x0000000020580000)]
  0x000000001fc45000 JavaThread "Java2D Disposer" daemon [_thread_blocked, id=25328, stack(0x0000000020380000,0x0000000020480000)]
  0x000000001d8f3800 JavaThread "Service Thread" daemon [_thread_blocked, id=19340, stack(0x000000001f750000,0x000000001f850000)]
  0x000000001d85e000 JavaThread "C1 CompilerThread3" daemon [_thread_blocked, id=24268, stack(0x000000001f650000,0x000000001f750000)]
  0x000000001d85f000 JavaThread "C2 CompilerThread2" daemon [_thread_blocked, id=21576, stack(0x000000001f550000,0x000000001f650000)]
=>0x000000001d84c000 JavaThread "C2 CompilerThread1" daemon [_thread_in_native, id=3872, stack(0x000000001f450000,0x000000001f550000)]
  0x000000001d7f7800 JavaThread "C2 CompilerThread0" daemon [_thread_blocked, id=15920, stack(0x000000001f350000,0x000000001f450000)]
  0x000000001d7f6800 JavaThread "Attach Listener" daemon [_thread_blocked, id=24748, stack(0x000000001f250000,0x000000001f350000)]
  0x000000001d844000 JavaThread "Signal Dispatcher" daemon [_thread_blocked, id=17916, stack(0x000000001f150000,0x000000001f250000)]
  0x000000001d7df000 JavaThread "Finalizer" daemon [_thread_blocked, id=25020, stack(0x000000001ef20000,0x000000001f020000)]
  0x000000001d7d8000 JavaThread "Reference Handler" daemon [_thread_blocked, id=1824, stack(0x000000001ee20000,0x000000001ef20000)]

Other Threads:
  0x000000001d7d3800 VMThread [stack: 0x000000001ed20000,0x000000001ee20000] [id=18072]
  0x000000001d8fc800 WatcherThread [stack: 0x000000001f850000,0x000000001f950000] [id=11032]

VM state:not at safepoint (normal execution)

VM Mutex/Monitor currently owned by a thread: None

heap address: 0x00000006c4200000, size: 4030 MB, Compressed Oops mode: Zero based, Oop shift amount: 3
Narrow klass base: 0x0000000000000000, Narrow klass shift: 3
Compressed class space size: 1073741824 Address: 0x00000007c0000000

Heap:
 PSYoungGen      total 75264K, used 20644K [0x000000076c100000, 0x0000000771500000, 0x00000007c0000000)
  eden space 64512K, 32% used [0x000000076c100000,0x000000076d5291e8,0x0000000770000000)
  from space 10752K, 0% used [0x0000000770a80000,0x0000000770a80000,0x0000000771500000)
  to   space 10752K, 0% used [0x0000000770000000,0x0000000770000000,0x0000000770a80000)
 ParOldGen       total 172032K, used 0K [0x00000006c4200000, 0x00000006cea00000, 0x000000076c100000)
  object space 172032K, 0% used [0x00000006c4200000,0x00000006c4200000,0x00000006cea00000)
 Metaspace       used 9311K, capacity 9478K, committed 9856K, reserved 1058816K
  class space    used 952K, capacity 1029K, committed 1152K, reserved 1048576K

Card table byte_map: [0x0000000011e80000,0x0000000012660000] byte_map_base: 0x000000000e85f000

Marking Bits: (ParMarkBitMap*) 0x000000005a06beb0
 Begin Bits: [0x00000000135a0000, 0x0000000017498000)
 End Bits:   [0x0000000017498000, 0x000000001b390000)

Polling page: 0x0000000000af0000

CodeCache: size=245760Kb used=2516Kb max_used=2529Kb free=243243Kb
 bounds [0x0000000002ac0000, 0x0000000002d40000, 0x0000000011ac0000]
 total_blobs=1028 nmethods=601 adapters=341
 compilation: enabled

Compilation events (250 events):
Event: 0.291 Thread 0x000000001d85e000  470       3       sun.nio.ch.FileChannelImpl::open (15 bytes)
Event: 0.291 Thread 0x000000001d85e000 nmethod 470 0x0000000002cbab50 code [0x0000000002cbacc0, 0x0000000002cbaec8]
Event: 0.291 Thread 0x000000001d85e000  471       3       sun.nio.ch.FileChannelImpl::<init> (74 bytes)
Event: 0.291 Thread 0x000000001d85e000 nmethod 471 0x0000000002cc8250 code [0x0000000002cc8420, 0x0000000002cc8c50]
Event: 0.291 Thread 0x000000001d85e000  474       3       java.util.concurrent.ConcurrentHashMap::casTabAt (20 bytes)
Event: 0.291 Thread 0x000000001d85e000 nmethod 474 0x0000000002cc9150 code [0x0000000002cc92a0, 0x0000000002cc9430]
Event: 0.291 Thread 0x000000001d85e000  472       3       sun.font.TrueTypeFont::setStyle (196 bytes)
Event: 0.291 Thread 0x000000001d85e000 nmethod 472 0x0000000002cc94d0 code [0x0000000002cc96c0, 0x0000000002cca108]
Event: 0.291 Thread 0x000000001d85e000  473       3       sun.font.TrueTypeFont::setCJKSupport (54 bytes)
Event: 0.292 Thread 0x000000001d85f000  475   !   4       sun.nio.cs.UnicodeDecoder::decodeLoop (326 bytes)
Event: 0.292 Thread 0x000000001d85e000 nmethod 473 0x0000000002cca3d0 code [0x0000000002cca540, 0x0000000002cca948]
Event: 0.293 Thread 0x000000001d85e000  476       3       java.util.concurrent.ConcurrentHashMap::put (8 bytes)
Event: 0.293 Thread 0x000000001d85e000 nmethod 476 0x0000000002ccaa10 code [0x0000000002ccab80, 0x0000000002ccad88]
Event: 0.293 Thread 0x000000001d85e000  477  s!   3       java.io.FileDescriptor::closeAll (215 bytes)
Event: 0.293 Thread 0x000000001d7f7800  478       4       java.nio.Buffer::limit (62 bytes)
Event: 0.293 Thread 0x000000001d85e000 nmethod 477 0x0000000002ccae10 code [0x0000000002ccb080, 0x0000000002ccc338]
Event: 0.293 Thread 0x000000001d85e000  479   !   3       sun.nio.ch.FileChannelImpl::implCloseChannel (132 bytes)
Event: 0.293 Thread 0x000000001d7f7800 nmethod 478 0x0000000002ccf990 code [0x0000000002ccfae0, 0x0000000002ccfbb8]
Event: 0.294 Thread 0x000000001d85e000 nmethod 479 0x0000000002cce050 code [0x0000000002cce2c0, 0x0000000002ccf378]
Event: 0.294 Thread 0x000000001d85e000  480  s!   3       sun.nio.ch.NativeThreadSet::signalAndWait (134 bytes)
Event: 0.294 Thread 0x000000001d85e000 nmethod 480 0x0000000002ccd350 code [0x0000000002ccd500, 0x0000000002ccdcd8]
Event: 0.294 Thread 0x000000001d85e000  481       3       java.io.RandomAccessFile$1::close (8 bytes)
Event: 0.294 Thread 0x000000001d85e000 nmethod 481 0x0000000002cccf10 code [0x0000000002ccd080, 0x0000000002ccd268]
Event: 0.294 Thread 0x000000001d85e000  482       3       java.io.File::isAbsolute (8 bytes)
Event: 0.295 Thread 0x000000001d85e000 nmethod 482 0x0000000002ccfc90 code [0x0000000002ccfe00, 0x0000000002ccffa8]
Event: 0.295 Thread 0x000000001d85e000  483       3       java.io.WinNTFileSystem::isAbsolute (36 bytes)
Event: 0.295 Thread 0x000000001d85e000 nmethod 483 0x0000000002cd0050 code [0x0000000002cd01e0, 0x0000000002cd0668]
Event: 0.295 Thread 0x000000001d85e000  484       3       java.lang.String::equals (81 bytes)
Event: 0.295 Thread 0x000000001d85e000 nmethod 484 0x0000000002cd0850 code [0x0000000002cd09e0, 0x0000000002cd0f30]
Event: 0.295 Thread 0x000000001d85e000  485       3       java.util.concurrent.ConcurrentHashMap$Traverser::advance (188 bytes)
Event: 0.295 Thread 0x000000001d85f000 nmethod 475 0x0000000002cd4210 code [0x0000000002cd4380, 0x0000000002cd4878]
Event: 0.296 Thread 0x000000001d85e000 nmethod 485 0x0000000002cd3010 code [0x0000000002cd3200, 0x0000000002cd3e98]
Event: 0.296 Thread 0x000000001d85e000  486       3       java.util.HashMap$ValueIterator::next (8 bytes)
Event: 0.296 Thread 0x000000001d85e000 nmethod 486 0x0000000002cd2bd0 code [0x0000000002cd2d40, 0x0000000002cd2f48]
Event: 0.296 Thread 0x000000001d7f7800  488       4       java.io.WinNTFileSystem::normalize (143 bytes)
Event: 0.296 Thread 0x000000001d85e000  487       3       sun.font.SunFontManager::registerFontFile (86 bytes)
Event: 0.297 Thread 0x000000001d85e000 nmethod 487 0x0000000002cd2110 code [0x0000000002cd2300, 0x0000000002cd2978]
Event: 0.297 Thread 0x000000001d85e000  489       3       sun.util.locale.BaseLocale::equals (71 bytes)
Event: 0.297 Thread 0x000000001d85e000 nmethod 489 0x0000000002cd19d0 code [0x0000000002cd1b40, 0x0000000002cd2050]
Event: 0.299 Thread 0x000000001d7f7800 nmethod 488 0x0000000002cd1290 code [0x0000000002cd13e0, 0x0000000002cd1778]
Event: 0.299 Thread 0x000000001d85f000  490       4       java.lang.String::<init> (82 bytes)
Event: 0.299 Thread 0x000000001d85e000  491       3       java.io.ExpiringCache::entryFor (57 bytes)
Event: 0.300 Thread 0x000000001d85e000 nmethod 491 0x0000000002cd74d0 code [0x0000000002cd7660, 0x0000000002cd7bb8]
Event: 0.300 Thread 0x000000001d85e000  492       3       java.util.LinkedHashMap::get (33 bytes)
Event: 0.300 Thread 0x000000001d85e000 nmethod 492 0x0000000002cd6c90 code [0x0000000002cd6e20, 0x0000000002cd7328]
Event: 0.300 Thread 0x000000001d85e000  493       1       sun.font.SunFontManager::getNativeNames (2 bytes)
Event: 0.301 Thread 0x000000001d85e000 nmethod 493 0x0000000002cd69d0 code [0x0000000002cd6b20, 0x0000000002cd6c30]
Event: 0.301 Thread 0x000000001d85e000  494       1       java.util.HashMap::size (5 bytes)
Event: 0.301 Thread 0x000000001d85e000 nmethod 494 0x0000000002cd6710 code [0x0000000002cd6860, 0x0000000002cd6970]
Event: 0.301 Thread 0x000000001d85e000  495       3       java.lang.String::<init> (15 bytes)
Event: 0.301 Thread 0x000000001d85e000 nmethod 495 0x0000000002cd9750 code [0x0000000002cd98e0, 0x0000000002cd9cc8]
Event: 0.301 Thread 0x000000001d85f000 nmethod 490 0x0000000002cd9e90 code [0x0000000002cd9fe0, 0x0000000002cda2f8]
Event: 0.301 Thread 0x000000001d85e000  496  s    3       java.io.ExpiringCache::get (39 bytes)
Event: 0.301 Thread 0x000000001d85e000 nmethod 496 0x0000000002cd6010 code [0x0000000002cd61a0, 0x0000000002cd65d8]
Event: 0.301 Thread 0x000000001d85e000  497       1       java.io.ExpiringCache::access$000 (5 bytes)
Event: 0.301 Thread 0x000000001d85e000 nmethod 497 0x0000000002cd5d50 code [0x0000000002cd5ea0, 0x0000000002cd5f90]
Event: 0.301 Thread 0x000000001d85e000  498       1       java.io.ExpiringCache$Entry::val (5 bytes)
Event: 0.301 Thread 0x000000001d85e000 nmethod 498 0x0000000002cd5a90 code [0x0000000002cd5be0, 0x0000000002cd5cf0]
Event: 0.303 Thread 0x000000001d85e000  499       3       java.io.WinNTFileSystem::resolve (231 bytes)
Event: 0.304 Thread 0x000000001d85e000 nmethod 499 0x0000000002cda510 code [0x0000000002cda7e0, 0x0000000002cdc068]
Event: 0.304 Thread 0x000000001d85e000  500       3       java.io.WinNTFileSystem::parentOrNull (171 bytes)
Event: 0.304 Thread 0x000000001d85e000 nmethod 500 0x0000000002cd8290 code [0x0000000002cd84c0, 0x0000000002cd9238]
Event: 0.305 Thread 0x000000001d85e000  501   !   3       java.io.WinNTFileSystem::resolve (362 bytes)
Event: 0.307 Thread 0x000000001d85e000 nmethod 501 0x0000000002cdcc10 code [0x0000000002cdd480, 0x0000000002ce2f58]
Event: 0.307 Thread 0x000000001d85e000  502       3       java.io.File::<init> (113 bytes)
Event: 0.307 Thread 0x000000001d85e000 nmethod 502 0x0000000002ce6a90 code [0x0000000002ce6d00, 0x0000000002ce7a68]
Event: 0.307 Thread 0x000000001d85e000  503       3       sun.font.FontUtilities::debugFonts (4 bytes)
Event: 0.307 Thread 0x000000001d85e000 nmethod 503 0x0000000002cd7f90 code [0x0000000002cd80e0, 0x0000000002cd8230]
Event: 0.310 Thread 0x000000001d85e000  505       3       java.io.WinNTFileSystem::canonicalizeWithPrefix (30 bytes)
Event: 0.310 Thread 0x000000001d85e000 nmethod 505 0x0000000002ce8090 code [0x0000000002ce82c0, 0x0000000002ce8f58]
Event: 0.311 Thread 0x000000001d85e000  507       3       java.util.LinkedHashMap$LinkedHashIterator::hasNext (13 bytes)
Event: 0.311 Thread 0x000000001d85e000 nmethod 507 0x0000000002cd4fd0 code [0x0000000002cd5120, 0x0000000002cd52d0]
Event: 0.311 Thread 0x000000001d85e000  508       3       java.util.LinkedHashMap$LinkedKeyIterator::next (8 bytes)
Event: 0.311 Thread 0x000000001d85e000 nmethod 508 0x0000000002ce96d0 code [0x0000000002ce9840, 0x0000000002ce9ae8]
Event: 0.311 Thread 0x000000001d85f000  509       4       java.util.HashMap::getNode (148 bytes)
Event: 0.312 Thread 0x000000001d84c000  510       4       java.lang.String::getChars (62 bytes)
Event: 0.313 Thread 0x000000001d84c000 nmethod 510 0x0000000002cec910 code [0x0000000002ceca60, 0x0000000002cecbd8]
Event: 0.314 Thread 0x000000001d85f000 nmethod 509 0x0000000002ceab50 code [0x0000000002ceacc0, 0x0000000002ceb158]
Event: 0.314 Thread 0x000000001d85e000  511       3       java.io.File::getCanonicalPath (31 bytes)
Event: 0.314 Thread 0x000000001d85e000 nmethod 511 0x0000000002cea4d0 code [0x0000000002cea680, 0x0000000002ceaa18]
Event: 0.314 Thread 0x000000001d85e000  512       3       java.io.WinNTFileSystem::canonicalize (372 bytes)
Event: 0.316 Thread 0x000000001d85e000 nmethod 512 0x0000000002cee910 code [0x0000000002cef060, 0x0000000002cf42d8]
Event: 0.316 Thread 0x000000001d85e000  513       3       java.util.LinkedHashMap::newNode (23 bytes)
Event: 0.316 Thread 0x000000001d85e000 nmethod 513 0x0000000002ce9cd0 code [0x0000000002ce9e60, 0x0000000002cea2b0]
Event: 0.316 Thread 0x000000001d85e000  514       3       java.util.LinkedHashMap$Entry::<init> (10 bytes)
Event: 0.316 Thread 0x000000001d85e000 nmethod 514 0x0000000002cec450 code [0x0000000002cec5c0, 0x0000000002cec810]
Event: 0.316 Thread 0x000000001d85e000  515       3       java.util.LinkedHashMap::linkNodeLast (33 bytes)
Event: 0.316 Thread 0x000000001d85f000  518       4       java.util.concurrent.ConcurrentHashMap::setTabAt (19 bytes)
Event: 0.316 Thread 0x000000001d85e000 nmethod 515 0x0000000002cebfd0 code [0x0000000002cec140, 0x0000000002cec370]
Event: 0.316 Thread 0x000000001d85e000  516       3       java.util.LinkedHashMap::afterNodeInsertion (40 bytes)
Event: 0.317 Thread 0x000000001d85e000 nmethod 516 0x0000000002ceb750 code [0x0000000002ceb8e0, 0x0000000002cebe28]
Event: 0.317 Thread 0x000000001d85e000  517  s    3       java.io.ExpiringCache::put (70 bytes)
Event: 0.317 Thread 0x000000001d85f000 nmethod 518 0x0000000002c7ff10 code [0x0000000002c80040, 0x0000000002c800b8]
Event: 0.317 Thread 0x000000001d85e000 nmethod 517 0x0000000002cf7f10 code [0x0000000002cf80e0, 0x0000000002cf8848]
Event: 0.319 Thread 0x000000001d85e000  519       3       java.util.concurrent.ConcurrentHashMap$Node::<init> (26 bytes)
Event: 0.319 Thread 0x000000001d85e000 nmethod 519 0x0000000002cf7ad0 code [0x0000000002cf7c20, 0x0000000002cf7e30]
Event: 0.319 Thread 0x000000001d85e000  520  s    3       sun.font.TrueTypeFont::close (8 bytes)
Event: 0.319 Thread 0x000000001d85e000 nmethod 520 0x0000000002cf7550 code [0x0000000002cf76c0, 0x0000000002cf79c8]
Event: 0.319 Thread 0x000000001d85e000  521  s!   3       sun.font.TrueTypeFont$TTDisposerRecord::dispose (40 bytes)
Event: 0.319 Thread 0x000000001d85e000 nmethod 521 0x0000000002cee1d0 code [0x0000000002cee340, 0x0000000002cee7c8]
Event: 0.319 Thread 0x000000001d85e000  522   !   3       java.io.RandomAccessFile::getChannel (44 bytes)
Event: 0.319 Thread 0x000000001d85e000 nmethod 522 0x0000000002ceda10 code [0x0000000002cedb80, 0x0000000002cee028]
Event: 0.319 Thread 0x000000001d85e000  523       1       sun.font.Font2D::getRank (5 bytes)
Event: 0.320 Thread 0x000000001d85e000 nmethod 523 0x0000000002ceb410 code [0x0000000002ceb560, 0x0000000002ceb670]
Event: 0.321 Thread 0x000000001d85e000  524       3       sun.font.TrueTypeFont::getLCIDFromLocale (89 bytes)
Event: 0.322 Thread 0x000000001d85e000 nmethod 524 0x0000000002cf8b50 code [0x0000000002cf8d40, 0x0000000002cf9788]
Event: 0.322 Thread 0x000000001d85e000  525       3       java.util.concurrent.ConcurrentHashMap::containsKey (14 bytes)
Event: 0.322 Thread 0x000000001d85e000 nmethod 525 0x0000000002ced610 code [0x0000000002ced780, 0x0000000002ced968]
Event: 0.322 Thread 0x000000001d85e000  526       3       sun.font.TrueTypeFont::getWidth (19 bytes)
Event: 0.322 Thread 0x000000001d85e000 nmethod 526 0x0000000002ced1d0 code [0x0000000002ced340, 0x0000000002ced550]
Event: 0.323 Thread 0x000000001d85f000  527       4       java.lang.ThreadLocal::get (38 bytes)
Event: 0.323 Thread 0x000000001d85e000  528   !   3       sun.font.TrueTypeFont$1::run (20 bytes)
Event: 0.324 Thread 0x000000001d85e000 nmethod 528 0x0000000002cf9a50 code [0x0000000002cf9be0, 0x0000000002cf9f58]
Event: 0.324 Thread 0x000000001d85e000  529       3       java.io.RandomAccessFile::<init> (22 bytes)
Event: 0.324 Thread 0x000000001d7f7800  533       4       sun.font.TrueTypeFont::getDirectoryEntry (38 bytes)
Event: 0.324 Thread 0x000000001d85e000 nmethod 529 0x0000000002cfa510 code [0x0000000002cfa680, 0x0000000002cfa918]
Event: 0.324 Thread 0x000000001d85e000  530       3       java.io.RandomAccessFile::<init> (248 bytes)
Event: 0.324 Thread 0x000000001d85f000 nmethod 527 0x0000000002cfd750 code [0x0000000002cfd8a0, 0x0000000002cfd9e8]
Event: 0.325 Thread 0x000000001d85e000 nmethod 530 0x0000000002cfb010 code [0x0000000002cfb320, 0x0000000002cfccd8]
Event: 0.325 Thread 0x000000001d85e000  538       1       sun.font.FontUtilities::isLogging (4 bytes)
Event: 0.325 Thread 0x000000001d85e000 nmethod 538 0x0000000002cfad50 code [0x0000000002cfaea0, 0x0000000002cfafb0]
Event: 0.325 Thread 0x000000001d85e000  531       3       java.io.RandomAccessFile::open (7 bytes)
Event: 0.325 Thread 0x000000001d85e000 nmethod 531 0x0000000002cfdbd0 code [0x0000000002cfdd40, 0x0000000002cfdec8]
Event: 0.325 Thread 0x000000001d85e000  534   !   3       sun.nio.ch.FileChannelImpl::size (239 bytes)
Event: 0.325 Thread 0x000000001d7f7800 nmethod 533 0x0000000002d00cd0 code [0x0000000002d00e20, 0x0000000002d00f98]
Event: 0.325 Thread 0x000000001d85e000 nmethod 534 0x0000000002cff410 code [0x0000000002cff660, 0x0000000002d00598]
Event: 0.325 Thread 0x000000001d85e000  535       3       sun.nio.ch.FileDispatcherImpl::size (5 bytes)
Event: 0.326 Thread 0x000000001d85e000 nmethod 535 0x0000000002cff090 code [0x0000000002cff200, 0x0000000002cff388]
Event: 0.326 Thread 0x000000001d85e000  537       3       sun.nio.ch.IOStatus::normalize (12 bytes)
Event: 0.326 Thread 0x000000001d85e000 nmethod 537 0x0000000002cfaa10 code [0x0000000002cfab60, 0x0000000002cfacf0]
Event: 0.326 Thread 0x000000001d85e000  539   !   3       java.io.RandomAccessFile::close (62 bytes)
Event: 0.326 Thread 0x000000001d85e000 nmethod 539 0x0000000002cfe310 code [0x0000000002cfe4a0, 0x0000000002cfeb38]
Event: 0.326 Thread 0x000000001d85e000  540       3       java.io.RandomAccessFile$1::<init> (10 bytes)
Event: 0.326 Thread 0x000000001d85e000 nmethod 540 0x0000000002cfdf50 code [0x0000000002cfe0a0, 0x0000000002cfe270]
Event: 0.328 Thread 0x000000001d84c000  542       4       java.util.concurrent.ConcurrentHashMap::tabAt (21 bytes)
Event: 0.328 Thread 0x000000001d84c000 nmethod 542 0x0000000002c782d0 code [0x0000000002c78400, 0x0000000002c78458]
Event: 0.332 Thread 0x000000001d85f000  544       4       java.nio.Buffer::<init> (121 bytes)
Event: 0.332 Thread 0x000000001d85e000  545       1       sun.nio.cs.UnicodeDecoder::implReset (9 bytes)
Event: 0.332 Thread 0x000000001d85e000 nmethod 545 0x0000000002d03690 code [0x0000000002d037e0, 0x0000000002d038f0]
Event: 0.333 Thread 0x000000001d85f000 nmethod 544 0x0000000002d01c90 code [0x0000000002d01de0, 0x0000000002d01f98]
Event: 0.333 Thread 0x000000001d85e000  546       3       sun.font.Font2D::setRank (6 bytes)
Event: 0.333 Thread 0x000000001d85e000 nmethod 546 0x0000000002d01990 code [0x0000000002d01ae0, 0x0000000002d01c30]
Event: 0.334 Thread 0x000000001d85e000  547       3       sun.font.FontFamily::getFamily (17 bytes)
Event: 0.334 Thread 0x000000001d85e000 nmethod 547 0x0000000002d01390 code [0x0000000002d01520, 0x0000000002d01878]
Event: 0.334 Thread 0x000000001d85e000  548       3       sun.font.FontFamily::setFont (337 bytes)
Event: 0.335 Thread 0x000000001d85e000 nmethod 548 0x0000000002d055d0 code [0x0000000002d05b80, 0x0000000002d094c8]
Event: 0.335 Thread 0x000000001d85e000  549       3       sun.font.FontFamily::preferredWidth (216 bytes)
Event: 0.336 Thread 0x000000001d7f7800  551       4       java.nio.channels.spi.AbstractInterruptibleChannel::begin (48 bytes)
Event: 0.336 Thread 0x000000001d84c000  552   !   4       sun.nio.ch.NativeThreadSet::add (155 bytes)
Event: 0.336 Thread 0x000000001d85f000  553   !   4       sun.nio.ch.NativeThreadSet::remove (50 bytes)
Event: 0.337 Thread 0x000000001d85e000 nmethod 549 0x0000000002d0aad0 code [0x0000000002d0afc0, 0x0000000002d0e368]
Event: 0.337 Thread 0x000000001d85e000  550       3       java.util.Locale::toString (273 bytes)
Event: 0.337 Thread 0x000000001d85f000 nmethod 553 0x0000000002d12b90 code [0x0000000002d12ce0, 0x0000000002d12f78]
Event: 0.337 Thread 0x000000001d85f000  554       4       java.nio.channels.spi.AbstractInterruptibleChannel::end (50 bytes)
Event: 0.337 Thread 0x000000001d84c000 nmethod 552 0x0000000002d03090 code [0x0000000002d031e0, 0x0000000002d034b8]
Event: 0.338 Thread 0x000000001d7f7800 nmethod 551 0x0000000002d02910 code [0x0000000002d02a80, 0x0000000002d02e48]
Event: 0.338 Thread 0x000000001d84c000  563       4       java.nio.Bits::getShortB (16 bytes)
Event: 0.338 Thread 0x000000001d85f000 nmethod 554 0x0000000002d02310 code [0x0000000002d02460, 0x0000000002d02718]
Event: 0.338 Thread 0x000000001d85e000 nmethod 550 0x0000000002d130d0 code [0x0000000002d13500, 0x0000000002d16848]
Event: 0.338 Thread 0x000000001d85e000  555       3       java.nio.HeapByteBuffer::getShort (18 bytes)
Event: 0.338 Thread 0x000000001d84c000 nmethod 563 0x0000000002d03d10 code [0x0000000002d03e60, 0x0000000002d03f38]
Event: 0.339 Thread 0x000000001d85e000 nmethod 555 0x0000000002d04750 code [0x0000000002d04920, 0x0000000002d05068]
Event: 0.339 Thread 0x000000001d85e000  556       3       java.nio.Bits::getShort (18 bytes)
Event: 0.339 Thread 0x000000001d85e000 nmethod 556 0x0000000002d12110 code [0x0000000002d122c0, 0x0000000002d12938]
Event: 0.339 Thread 0x000000001d85e000  557       3       java.nio.HeapByteBuffer::asIntBuffer (54 bytes)
Event: 0.339 Thread 0x000000001d85e000 nmethod 557 0x0000000002d11690 code [0x0000000002d11840, 0x0000000002d11e58]
Event: 0.339 Thread 0x000000001d85e000  558       3       java.nio.ByteBufferAsIntBufferB::<init> (22 bytes)
Event: 0.339 Thread 0x000000001d85e000 nmethod 558 0x0000000002d040d0 code [0x0000000002d04240, 0x0000000002d04508]
Event: 0.339 Thread 0x000000001d85e000  559       3       java.nio.IntBuffer::<init> (12 bytes)
Event: 0.339 Thread 0x000000001d85e000 nmethod 559 0x0000000002d11210 code [0x0000000002d11380, 0x0000000002d115a8]
Event: 0.339 Thread 0x000000001d85e000  560       3       java.nio.IntBuffer::<init> (22 bytes)
Event: 0.339 Thread 0x000000001d85e000 nmethod 560 0x0000000002d10e10 code [0x0000000002d10f80, 0x0000000002d11148]
Event: 0.339 Thread 0x000000001d85e000  561       3       java.nio.HeapByteBuffer::asShortBuffer (54 bytes)
Event: 0.339 Thread 0x000000001d85e000 nmethod 561 0x0000000002d10390 code [0x0000000002d10540, 0x0000000002d10b58]
Event: 0.339 Thread 0x000000001d85e000  562       3       java.nio.ByteBufferAsShortBufferB::<init> (22 bytes)
Event: 0.340 Thread 0x000000001d85e000 nmethod 562 0x0000000002d0fdd0 code [0x0000000002d0ff40, 0x0000000002d10208]
Event: 0.343 Thread 0x000000001d85e000  564   !   3       sun.font.SunFontManager::registerFontFile (282 bytes)
Event: 0.343 Thread 0x000000001d7f7800  565       4       java.lang.AbstractStringBuilder::append (50 bytes)
Event: 0.344 Thread 0x000000001d85e000 nmethod 564 0x0000000002d183d0 code [0x0000000002d18800, 0x0000000002d1af78]
Event: 0.346 Thread 0x000000001d7f7800 nmethod 565 0x0000000002d1f890 code [0x0000000002d1fa00, 0x0000000002d1fe68]
Event: 0.348 Thread 0x000000001d85f000  566       4       java.util.concurrent.ConcurrentHashMap::casTabAt (20 bytes)
Event: 0.349 Thread 0x000000001d85f000 nmethod 566 0x0000000002ccccd0 code [0x0000000002ccce00, 0x0000000002ccce78]
Event: 0.349 Thread 0x000000001d85e000  567       3       sun.font.FontFamily::closerWeight (182 bytes)
Event: 0.350 Thread 0x000000001d85e000 nmethod 567 0x0000000002d1c950 code [0x0000000002d1cce0, 0x0000000002d1ebf8]
Event: 0.351 Thread 0x000000001d85e000  568       3       java.nio.HeapByteBuffer::getInt (19 bytes)
Event: 0.351 Thread 0x000000001d85e000 nmethod 568 0x0000000002d20210 code [0x0000000002d20420, 0x0000000002d20e28]
Event: 0.352 Thread 0x000000001d84c000  569       4       java.nio.ByteBuffer::<init> (45 bytes)
Event: 0.353 Thread 0x000000001d84c000 nmethod 569 0x0000000002d24510 code [0x0000000002d24660, 0x0000000002d24878]
Event: 0.355 Thread 0x000000001d7f7800  570       4       java.lang.String::startsWith (72 bytes)
Event: 0.355 Thread 0x000000001d85e000  571       3       sun.font.SunFontManager$T1Filter::accept (67 bytes)
Event: 0.356 Thread 0x000000001d85e000 nmethod 571 0x0000000002d23ad0 code [0x0000000002d23c80, 0x0000000002d24398]
Event: 0.356 Thread 0x000000001d85e000  572       3       java.util.concurrent.ConcurrentHashMap$BaseIterator::hasNext (13 bytes)
Event: 0.356 Thread 0x000000001d85e000 nmethod 572 0x0000000002d0fa50 code [0x0000000002d0fba0, 0x0000000002d0fd50]
Event: 0.356 Thread 0x000000001d85e000  573       3       java.util.concurrent.ConcurrentHashMap$ValueIterator::next (34 bytes)
Event: 0.356 Thread 0x000000001d85e000 nmethod 573 0x0000000002d23550 code [0x0000000002d236c0, 0x0000000002d239b8]
Event: 0.357 Thread 0x000000001d7f7800 nmethod 570 0x0000000002d21850 code [0x0000000002d219a0, 0x0000000002d21b78]
Event: 0.359 Thread 0x000000001d85e000  575       3       java.util.HashMap$HashIterator::<init> (79 bytes)
Event: 0.359 Thread 0x000000001d7f7800  577       4       java.util.HashMap::putVal (300 bytes)
Event: 0.359 Thread 0x000000001d85e000 nmethod 575 0x0000000002d22b10 code [0x0000000002d22c80, 0x0000000002d23030]
Event: 0.359 Thread 0x000000001d85e000  576       3       java.lang.reflect.Array::newInstance (6 bytes)
Event: 0.359 Thread 0x000000001d85e000 nmethod 576 0x0000000002d22790 code [0x0000000002d22900, 0x0000000002d22a68]
Event: 0.363 Thread 0x000000001d85e000  578       3       java.util.HashMap::<init> (11 bytes)
Event: 0.363 Thread 0x000000001d85f000  579       4       java.util.HashMap::put (13 bytes)
Event: 0.363 Thread 0x000000001d85e000 nmethod 578 0x0000000002d22350 code [0x0000000002d224c0, 0x0000000002d226d0]
Event: 0.363 Thread 0x000000001d85e000  580       3       sun.font.TrueTypeFont::initAllNames (177 bytes)
Event: 0.364 Thread 0x000000001d85e000 nmethod 580 0x0000000002d26450 code [0x0000000002d266e0, 0x0000000002d276f8]
Event: 0.365 Thread 0x000000001d85e000  581       3       java.lang.CharacterData::of (120 bytes)
Event: 0.365 Thread 0x000000001d85e000 nmethod 581 0x0000000002d25b50 code [0x0000000002d25d00, 0x0000000002d26210]
Event: 0.365 Thread 0x000000001d85e000  582       3       java.util.HashMap::keySet (25 bytes)
Event: 0.365 Thread 0x000000001d7f7800 nmethod 577 0x0000000002d2b390 code [0x0000000002d2b540, 0x0000000002d2bea8]
Event: 0.365 Thread 0x000000001d85e000 nmethod 582 0x0000000002d21c90 code [0x0000000002d21e00, 0x0000000002d22190]
Event: 0.366 Thread 0x000000001d85e000  583       3       java.util.HashMap$KeySet::iterator (12 bytes)
Event: 0.366 Thread 0x000000001d85e000 nmethod 583 0x0000000002d25690 code [0x0000000002d25800, 0x0000000002d25a68]
Event: 0.366 Thread 0x000000001d84c000  584       4       java.lang.String::equals (81 bytes)
Event: 0.366 Thread 0x000000001d85e000  585       3       java.util.HashSet::iterator (13 bytes)
Event: 0.366 Thread 0x000000001d85e000 nmethod 585 0x0000000002d25150 code [0x0000000002d252c0, 0x0000000002d25598]
Event: 0.366 Thread 0x000000001d7f7800  586       4       sun.nio.cs.UnicodeDecoder::decode (24 bytes)
Event: 0.367 Thread 0x000000001d85e000  588       3       java.lang.String::toLowerCase (439 bytes)
Event: 0.367 Thread 0x000000001d7f7800 nmethod 586 0x0000000002cd4d90 code [0x0000000002cd4ec0, 0x0000000002cd4f58]
Event: 0.367 Thread 0x000000001d7f7800  587       4       java.nio.Buffer::hasRemaining (17 bytes)
Event: 0.367 Thread 0x000000001d7f7800 nmethod 587 0x0000000002d0f850 code [0x0000000002d0f980, 0x0000000002d0f9f8]
Event: 0.367 Thread 0x000000001d85e000 nmethod 588 0x0000000002d28910 code [0x0000000002d28c40, 0x0000000002d2a4d8]
Event: 0.367 Thread 0x000000001d85e000  589   !   3       sun.nio.cs.UnicodeDecoder::decodeLoop (326 bytes)
Event: 0.368 Thread 0x000000001d84c000 nmethod 584 0x0000000002d24c90 code [0x0000000002d24de0, 0x0000000002d25038]
Event: 0.368 Thread 0x000000001d85e000 nmethod 589 0x0000000002d2f310 code [0x0000000002d2f680, 0x0000000002d31578]
Event: 0.369 Thread 0x000000001d7f7800  590       4       java.util.HashMap::newNode (13 bytes)
Event: 0.370 Thread 0x000000001d7f7800 nmethod 590 0x0000000002d28610 code [0x0000000002d28760, 0x0000000002d28878]
Event: 0.371 Thread 0x000000001d85e000  591       3       java.util.HashSet::<init> (16 bytes)
Event: 0.372 Thread 0x000000001d85e000 nmethod 591 0x0000000002d27dd0 code [0x0000000002d27f60, 0x0000000002d28370]
Event: 0.372 Thread 0x000000001d85e000  592       3       java.util.AbstractCollection::toArray (147 bytes)
Event: 0.373 Thread 0x000000001d85e000 nmethod 592 0x0000000002d2c4d0 code [0x0000000002d2c740, 0x0000000002d2d898]
Event: 0.373 Thread 0x000000001d85e000  593       3       java.util.HashSet::size (8 bytes)
Event: 0.373 Thread 0x000000001d85e000 nmethod 593 0x0000000002d34350 code [0x0000000002d344a0, 0x0000000002d34690]
Event: 0.373 Thread 0x000000001d85f000 nmethod 579 0x0000000002d34750 code [0x0000000002d34920, 0x0000000002d35328]
Event: 0.376 Thread 0x000000001d84c000  594   !   4       sun.font.TrueTypeFont::getTableBuffer (199 bytes)
Event: 0.377 Thread 0x000000001d7f7800  595   !   4       sun.nio.cs.UnicodeDecoder::decodeLoop (326 bytes)
Event: 0.379 Thread 0x000000001d85f000  596       4       java.util.HashMap$HashIterator::nextNode (100 bytes)
Event: 0.381 Thread 0x000000001d7f7800 nmethod 595 0x0000000002d35b10 code [0x0000000002d35c80, 0x0000000002d36178]
Event: 0.381 Thread 0x000000001d85f000 nmethod 596 0x0000000002d325d0 code [0x0000000002d32720, 0x0000000002d32918]
Event: 0.386 Thread 0x000000001d7f7800  597       4       java.util.HashMap$HashIterator::hasNext (13 bytes)
Event: 0.386 Thread 0x000000001d7f7800 nmethod 597 0x0000000002cd7d50 code [0x0000000002cd7e80, 0x0000000002cd7ef8]
Event: 0.386 Thread 0x000000001d85e000  598   !   3       sun.font.TrueTypeFont::getAllFullNames (33 bytes)
Event: 0.387 Thread 0x000000001d85e000 nmethod 598 0x0000000002d2e650 code [0x0000000002d2e820, 0x0000000002d2ef98]
Event: 0.387 Thread 0x000000001d85e000  600  s    3       sun.font.FontFamily::addLocaleNames (45 bytes)
Event: 0.387 Thread 0x000000001d7f7800  601       4       java.lang.CharacterData::of (120 bytes)
Event: 0.387 Thread 0x000000001d85e000 nmethod 600 0x0000000002d335d0 code [0x0000000002d337a0, 0x0000000002d33ff8]
Event: 0.387 Thread 0x000000001d85e000  599   !   3       sun.font.TrueTypeFont::getAllFamilyNames (33 bytes)
Event: 0.387 Thread 0x000000001d7f7800 nmethod 601 0x0000000002d32210 code [0x0000000002d32420, 0x0000000002d324d8]
Event: 0.387 Thread 0x000000001d85e000 nmethod 599 0x0000000002d36690 code [0x0000000002d36860, 0x0000000002d36fd8]
Event: 0.387 Thread 0x000000001d85f000  602   !   4       sun.font.SunFontManager::addToPool (131 bytes)

GC Heap History (0 events):
No events

Deoptimization events (7 events):
Event: 0.130 Thread 0x0000000002a08000 Uncommon trap: reason=null_check action=make_not_entrant pc=0x0000000002c28194 method=java.lang.String.equals(Ljava/lang/Object;)Z @ 8
Event: 0.294 Thread 0x000000001fc5b800 Uncommon trap: reason=class_check action=maybe_recompile pc=0x0000000002c38010 method=java.lang.String.equals(Ljava/lang/Object;)Z @ 8
Event: 0.294 Thread 0x000000001fc5b800 Uncommon trap: reason=class_check action=maybe_recompile pc=0x0000000002c38010 method=java.lang.String.equals(Ljava/lang/Object;)Z @ 8
Event: 0.294 Thread 0x000000001fc5b800 Uncommon trap: reason=class_check action=maybe_recompile pc=0x0000000002c38010 method=java.lang.String.equals(Ljava/lang/Object;)Z @ 8
Event: 0.294 Thread 0x000000001fc5b800 Uncommon trap: reason=class_check action=maybe_recompile pc=0x0000000002c38010 method=java.lang.String.equals(Ljava/lang/Object;)Z @ 8
Event: 0.363 Thread 0x000000001fc5b800 Uncommon trap: reason=unstable_if action=reinterpret pc=0x0000000002c7e80c method=java.lang.CharacterData.of(I)Ljava/lang/CharacterData; @ 4
Event: 0.366 Thread 0x000000001fc5b800 Uncommon trap: reason=unstable_if action=reinterpret pc=0x0000000002cd4730 method=java.lang.Character.isSurrogate(C)Z @ 3

Classes redefined (0 events):
No events

Internal exceptions (16 events):
Event: 0.026 Thread 0x0000000002a08000 Exception <a 'java/lang/NoSuchMethodError': Method sun.misc.Unsafe.defineClass(Ljava/lang/String;[BII)Ljava/lang/Class; name or signature does not match> (0x000000076c107cb0) thrown at [C:\ojdkbuild\lookaside\java-1.8.0-openjdk\hotspot\src\share\vm\prims\
Event: 0.026 Thread 0x0000000002a08000 Exception <a 'java/lang/NoSuchMethodError': Method sun.misc.Unsafe.prefetchRead(Ljava/lang/Object;J)V name or signature does not match> (0x000000076c107f98) thrown at [C:\ojdkbuild\lookaside\java-1.8.0-openjdk\hotspot\src\share\vm\prims\jni.cpp, line 4017
Event: 0.072 Thread 0x0000000002a08000 Exception <a 'java/security/PrivilegedActionException'> (0x000000076c182548) thrown at [C:\ojdkbuild\lookaside\java-1.8.0-openjdk\hotspot\src\share\vm\prims\jvm.cpp, line 1512]
Event: 0.072 Thread 0x0000000002a08000 Exception <a 'java/security/PrivilegedActionException'> (0x000000076c182758) thrown at [C:\ojdkbuild\lookaside\java-1.8.0-openjdk\hotspot\src\share\vm\prims\jvm.cpp, line 1512]
Event: 0.072 Thread 0x0000000002a08000 Exception <a 'java/security/PrivilegedActionException'> (0x000000076c186890) thrown at [C:\ojdkbuild\lookaside\java-1.8.0-openjdk\hotspot\src\share\vm\prims\jvm.cpp, line 1512]
Event: 0.072 Thread 0x0000000002a08000 Exception <a 'java/security/PrivilegedActionException'> (0x000000076c186aa0) thrown at [C:\ojdkbuild\lookaside\java-1.8.0-openjdk\hotspot\src\share\vm\prims\jvm.cpp, line 1512]
Event: 0.073 Thread 0x0000000002a08000 Exception <a 'java/security/PrivilegedActionException'> (0x000000076c188160) thrown at [C:\ojdkbuild\lookaside\java-1.8.0-openjdk\hotspot\src\share\vm\prims\jvm.cpp, line 1512]
Event: 0.073 Thread 0x0000000002a08000 Exception <a 'java/security/PrivilegedActionException'> (0x000000076c188370) thrown at [C:\ojdkbuild\lookaside\java-1.8.0-openjdk\hotspot\src\share\vm\prims\jvm.cpp, line 1512]
Event: 0.077 Thread 0x0000000002a08000 Exception <a 'java/io/FileNotFoundException'> (0x000000076c18b360) thrown at [C:\ojdkbuild\lookaside\java-1.8.0-openjdk\hotspot\src\share\vm\prims\jni.cpp, line 710]
Event: 0.102 Thread 0x0000000002a08000 Exception <a 'java/lang/NoSuchFieldError': method resolution failed> (0x000000076c39e7c0) thrown at [C:\ojdkbuild\lookaside\java-1.8.0-openjdk\hotspot\src\share\vm\prims\methodHandles.cpp, line 1167]
Event: 0.103 Thread 0x0000000002a08000 Exception <a 'java/lang/NoSuchFieldError': method resolution failed> (0x000000076c3abbc0) thrown at [C:\ojdkbuild\lookaside\java-1.8.0-openjdk\hotspot\src\share\vm\prims\methodHandles.cpp, line 1167]
Event: 0.128 Thread 0x0000000002a08000 Exception <a 'java/lang/ClassNotFoundException': sun/dc/DuctusRenderingEngine> (0x000000076c4426c0) thrown at [C:\ojdkbuild\lookaside\java-1.8.0-openjdk\hotspot\src\share\vm\classfile\systemDictionary.cpp, line 210]
Event: 0.130 Thread 0x0000000002a08000 Implicit null exception at 0x0000000002c27fa6 to 0x0000000002c28185
Event: 0.137 Thread 0x0000000002a08000 Exception <a 'java/io/FileNotFoundException'> (0x000000076c454a50) thrown at [C:\ojdkbuild\lookaside\java-1.8.0-openjdk\hotspot\src\share\vm\prims\jni.cpp, line 710]
Event: 0.266 Thread 0x000000001fc5b800 Exception <a 'java/io/FileNotFoundException'> (0x000000076ca8d800) thrown at [C:\ojdkbuild\lookaside\java-1.8.0-openjdk\hotspot\src\share\vm\prims\jni.cpp, line 710]
Event: 0.284 Thread 0x000000001fc5b800 Exception <a 'java/io/FileNotFoundException'> (0x000000076cbbc500) thrown at [C:\ojdkbuild\lookaside\java-1.8.0-openjdk\hotspot\src\share\vm\prims\jni.cpp, line 710]

Events (250 events):
Event: 0.204 loading class java/awt/SequencedEvent$1
Event: 0.204 loading class sun/awt/AWTAccessor$SequencedEventAccessor
Event: 0.204 loading class sun/awt/AWTAccessor$SequencedEventAccessor done
Event: 0.204 loading class java/awt/SequencedEvent$1 done
Event: 0.211 loading class sun/awt/windows/WGlobalCursorManager
Event: 0.211 loading class sun/awt/GlobalCursorManager
Event: 0.212 loading class sun/awt/GlobalCursorManager done
Event: 0.212 loading class sun/awt/windows/WGlobalCursorManager done
Event: 0.212 loading class sun/awt/GlobalCursorManager$NativeUpdater
Event: 0.212 loading class sun/awt/GlobalCursorManager$NativeUpdater done
Event: 0.212 loading class sun/awt/event/IgnorePaintEvent
Event: 0.212 loading class sun/awt/event/IgnorePaintEvent done
Event: 0.213 Thread 0x0000000002a08000 Thread exited: 0x0000000002a08000
Event: 0.213 Thread 0x0000000002a08000 Thread added: 0x0000000002a08000
Event: 0.214 loading class java/awt/DefaultKeyboardFocusManager$DefaultKeyboardFocusManagerSentEvent
Event: 0.214 loading class java/awt/SentEvent
Event: 0.214 loading class java/awt/SentEvent done
Event: 0.214 loading class java/awt/DefaultKeyboardFocusManager$DefaultKeyboardFocusManagerSentEvent done
Event: 0.215 loading class java/util/ArrayList$ListItr
Event: 0.215 loading class java/util/ArrayList$ListItr done
Event: 0.215 loading class sun/awt/CausedFocusEvent$Cause
Event: 0.215 loading class sun/awt/CausedFocusEvent$Cause done
Event: 0.216 loading class java/awt/KeyboardFocusManager$HeavyweightFocusRequest
Event: 0.216 loading class java/awt/KeyboardFocusManager$HeavyweightFocusRequest done
Event: 0.216 loading class java/awt/DefaultKeyboardFocusManager$TypeAheadMarker
Event: 0.216 loading class java/awt/DefaultKeyboardFocusManager$TypeAheadMarker done
Event: 0.216 loading class java/awt/KeyboardFocusManager$LightweightFocusRequest
Event: 0.216 loading class java/awt/KeyboardFocusManager$LightweightFocusRequest done
Event: 0.216 loading class sun/awt/CausedFocusEvent
Event: 0.216 loading class sun/awt/CausedFocusEvent done
Event: 0.218 loading class java/util/IdentityHashMap$KeySet
Event: 0.218 loading class java/util/IdentityHashMap$KeySet done
Event: 0.218 loading class java/util/IdentityHashMap$KeyIterator
Event: 0.218 loading class java/util/IdentityHashMap$KeyIterator done
Event: 0.218 loading class javax/swing/RepaintManager$4
Event: 0.218 loading class javax/swing/RepaintManager$4 done
Event: 0.218 loading class sun/java2d/d3d/D3DSurfaceData$D3DWindowSurfaceData
Event: 0.218 loading class sun/java2d/d3d/D3DSurfaceData
Event: 0.218 loading class sun/java2d/pipe/hw/AccelSurface
Event: 0.218 loading class sun/java2d/pipe/hw/AccelSurface done
Event: 0.218 loading class sun/java2d/d3d/D3DSurfaceData done
Event: 0.218 loading class sun/java2d/d3d/D3DSurfaceData$D3DWindowSurfaceData done
Event: 0.219 loading class java/awt/GraphicsCallback$PaintCallback
Event: 0.219 loading class java/awt/GraphicsCallback
Event: 0.219 loading class sun/awt/SunGraphicsCallback
Event: 0.219 loading class sun/awt/SunGraphicsCallback done
Event: 0.219 loading class java/awt/GraphicsCallback done
Event: 0.219 loading class java/awt/GraphicsCallback$PaintCallback done
Event: 0.219 loading class sun/awt/image/BufferedImageGraphicsConfig
Event: 0.219 loading class sun/awt/image/BufferedImageGraphicsConfig done
Event: 0.219 loading class sun/print/PrinterGraphicsConfig
Event: 0.219 loading class sun/print/PrinterGraphicsConfig done
Event: 0.219 loading class sun/java2d/opengl/WGLGraphicsConfig
Event: 0.219 loading class sun/java2d/opengl/OGLGraphicsConfig
Event: 0.219 loading class sun/java2d/opengl/OGLGraphicsConfig done
Event: 0.220 loading class sun/java2d/opengl/WGLGraphicsConfig done
Event: 0.220 loading class sun/awt/image/BufImgVolatileSurfaceManager
Event: 0.220 loading class sun/awt/image/BufImgVolatileSurfaceManager done
Event: 0.220 loading class java/awt/image/Raster
Event: 0.220 loading class java/awt/image/Raster done
Event: 0.220 loading class java/awt/image/DataBufferInt
Event: 0.220 loading class java/awt/image/DataBuffer
Event: 0.220 loading class java/awt/image/DataBuffer done
Event: 0.220 loading class java/awt/image/DataBufferInt done
Event: 0.220 loading class java/awt/image/DataBuffer$1
Event: 0.220 loading class sun/awt/image/SunWritableRaster$DataStealer
Event: 0.220 loading class sun/awt/image/SunWritableRaster$DataStealer done
Event: 0.220 loading class java/awt/image/DataBuffer$1 done
Event: 0.220 loading class sun/awt/image/SunWritableRaster
Event: 0.220 loading class java/awt/image/WritableRaster
Event: 0.221 loading class java/awt/image/WritableRaster done
Event: 0.221 loading class sun/awt/image/SunWritableRaster done
Event: 0.221 loading class java/awt/image/SinglePixelPackedSampleModel
Event: 0.221 loading class java/awt/image/SampleModel
Event: 0.221 loading class java/awt/image/SampleModel done
Event: 0.221 loading class java/awt/image/SinglePixelPackedSampleModel done
Event: 0.221 loading class sun/awt/image/IntegerInterleavedRaster
Event: 0.221 loading class sun/awt/image/IntegerComponentRaster
Event: 0.221 loading class sun/awt/image/IntegerComponentRaster done
Event: 0.221 loading class sun/awt/image/IntegerInterleavedRaster done
Event: 0.222 loading class sun/awt/image/NativeLibLoader
Event: 0.222 loading class sun/awt/image/NativeLibLoader done
Event: 0.222 loading class sun/awt/image/NativeLibLoader$1
Event: 0.222 loading class sun/awt/image/NativeLibLoader$1 done
Event: 0.222 loading class java/awt/image/BufferedImage
Event: 0.222 loading class java/awt/image/WritableRenderedImage
Event: 0.222 loading class java/awt/image/RenderedImage
Event: 0.222 loading class java/awt/image/RenderedImage done
Event: 0.222 loading class java/awt/image/WritableRenderedImage done
Event: 0.222 loading class java/awt/image/BufferedImage done
Event: 0.222 loading class java/awt/image/BufferedImage$1
Event: 0.222 loading class java/awt/image/BufferedImage$1 done
Event: 0.222 loading class sun/awt/image/BufImgSurfaceData
Event: 0.223 loading class sun/awt/image/BufImgSurfaceData done
Event: 0.223 loading class sun/awt/image/BufImgSurfaceData$ICMColorData
Event: 0.223 loading class sun/awt/image/BufImgSurfaceData$ICMColorData done
Event: 0.224 loading class sun/font/FontDesignMetrics
Event: 0.224 loading class java/awt/FontMetrics
Event: 0.224 loading class java/awt/FontMetrics done
Event: 0.224 loading class sun/font/FontDesignMetrics done
Event: 0.224 loading class sun/font/FontDesignMetrics$MetricsKey
Event: 0.224 loading class sun/font/FontDesignMetrics$MetricsKey done
Event: 0.224 loading class sun/font/SunFontManager$FamilyDescription
Event: 0.224 loading class sun/font/SunFontManager$FamilyDescription done
Event: 0.225 loading class java/util/concurrent/ConcurrentHashMap$KeyIterator
Event: 0.225 loading class java/util/concurrent/ConcurrentHashMap$BaseIterator
Event: 0.225 loading class java/util/concurrent/ConcurrentHashMap$Traverser
Event: 0.225 loading class java/util/concurrent/ConcurrentHashMap$Traverser done
Event: 0.225 loading class java/util/concurrent/ConcurrentHashMap$BaseIterator done
Event: 0.225 loading class java/util/concurrent/ConcurrentHashMap$KeyIterator done
Event: 0.225 loading class sun/font/TrueTypeFont$TTDisposerRecord
Event: 0.225 loading class sun/font/TrueTypeFont$TTDisposerRecord done
Event: 0.225 loading class sun/font/TrueTypeFont$1
Event: 0.225 loading class sun/font/TrueTypeFont$1 done
Event: 0.225 loading class java/io/RandomAccessFile
Event: 0.225 loading class java/io/DataOutput
Event: 0.226 loading class java/io/DataOutput done
Event: 0.226 loading class java/io/RandomAccessFile done
Event: 0.226 loading class sun/nio/ch/FileChannelImpl
Event: 0.226 loading class java/nio/channels/FileChannel
Event: 0.226 loading class java/nio/channels/SeekableByteChannel
Event: 0.226 loading class java/nio/channels/ByteChannel
Event: 0.226 loading class java/nio/channels/ReadableByteChannel
Event: 0.226 loading class java/nio/channels/Channel
Event: 0.226 loading class java/nio/channels/Channel done
Event: 0.226 loading class java/nio/channels/ReadableByteChannel done
Event: 0.226 loading class java/nio/channels/WritableByteChannel
Event: 0.226 loading class java/nio/channels/WritableByteChannel done
Event: 0.226 loading class java/nio/channels/ByteChannel done
Event: 0.226 loading class java/nio/channels/SeekableByteChannel done
Event: 0.226 loading class java/nio/channels/GatheringByteChannel
Event: 0.226 loading class java/nio/channels/GatheringByteChannel done
Event: 0.226 loading class java/nio/channels/ScatteringByteChannel
Event: 0.226 loading class java/nio/channels/ScatteringByteChannel done
Event: 0.226 loading class java/nio/channels/spi/AbstractInterruptibleChannel
Event: 0.226 loading class java/nio/channels/InterruptibleChannel
Event: 0.226 loading class java/nio/channels/InterruptibleChannel done
Event: 0.226 loading class java/nio/channels/spi/AbstractInterruptibleChannel done
Event: 0.226 loading class java/nio/channels/FileChannel done
Event: 0.226 loading class sun/nio/ch/FileChannelImpl done
Event: 0.227 loading class java/nio/file/attribute/FileAttribute
Event: 0.227 loading class java/nio/file/attribute/FileAttribute done
Event: 0.227 loading class sun/nio/ch/IOUtil
Event: 0.227 loading class sun/nio/ch/IOUtil done
Event: 0.227 loading class sun/nio/ch/IOUtil$1
Event: 0.227 loading class sun/nio/ch/IOUtil$1 done
Event: 0.230 loading class java/net/InetAddress
Event: 0.231 loading class java/net/InetAddress done
Event: 0.231 loading class java/net/InetAddress$1
Event: 0.231 loading class java/net/InetAddress$1 done
Event: 0.231 loading class java/net/InetAddress$InetAddressHolder
Event: 0.231 loading class java/net/InetAddress$InetAddressHolder done
Event: 0.231 loading class java/net/InetAddress$Cache
Event: 0.231 loading class java/net/InetAddress$Cache done
Event: 0.231 loading class java/net/InetAddress$Cache$Type
Event: 0.231 loading class java/net/InetAddress$Cache$Type done
Event: 0.231 loading class java/net/InetAddressImplFactory
Event: 0.231 loading class java/net/InetAddressImplFactory done
Event: 0.231 loading class java/net/Inet6AddressImpl
Event: 0.231 loading class java/net/InetAddressImpl
Event: 0.231 loading class java/net/InetAddressImpl done
Event: 0.231 loading class java/net/Inet6AddressImpl done
Event: 0.232 loading class java/net/InetAddress$2
Event: 0.232 loading class sun/net/spi/nameservice/NameService
Event: 0.232 loading class sun/net/spi/nameservice/NameService done
Event: 0.232 loading class java/net/InetAddress$2 done
Event: 0.232 loading class java/net/Inet4Address
Event: 0.232 loading class java/net/Inet4Address done
Event: 0.232 loading class java/net/Inet6Address
Event: 0.232 loading class java/net/Inet6Address done
Event: 0.232 loading class java/net/Inet6Address$Inet6AddressHolder
Event: 0.232 loading class java/net/Inet6Address$Inet6AddressHolder done
Event: 0.232 loading class sun/nio/ch/NativeThreadSet
Event: 0.232 loading class sun/nio/ch/NativeThreadSet done
Event: 0.232 loading class sun/nio/ch/FileDispatcherImpl
Event: 0.232 loading class sun/nio/ch/FileDispatcher
Event: 0.232 loading class sun/nio/ch/NativeDispatcher
Event: 0.233 loading class sun/nio/ch/NativeDispatcher done
Event: 0.233 loading class sun/nio/ch/FileDispatcher done
Event: 0.233 loading class sun/nio/ch/FileDispatcherImpl done
Event: 0.233 loading class sun/nio/ch/FileDispatcherImpl$1
Event: 0.233 loading class sun/nio/ch/FileDispatcherImpl$1 done
Event: 0.233 loading class java/nio/channels/spi/AbstractInterruptibleChannel$1
Event: 0.233 loading class java/nio/channels/spi/AbstractInterruptibleChannel$1 done
Event: 0.233 loading class sun/nio/ch/NativeThread
Event: 0.233 loading class sun/nio/ch/NativeThread done
Event: 0.233 loading class sun/nio/ch/IOStatus
Event: 0.233 loading class sun/nio/ch/IOStatus done
Event: 0.233 loading class sun/nio/ch/Util
Event: 0.233 loading class sun/nio/ch/Util done
Event: 0.233 loading class sun/nio/ch/Util$2
Event: 0.233 loading class sun/nio/ch/Util$2 done
Event: 0.233 loading class sun/nio/ch/Util$1
Event: 0.233 loading class sun/nio/ch/Util$1 done
Event: 0.233 loading class sun/nio/ch/Util$BufferCache
Event: 0.233 loading class sun/nio/ch/Util$BufferCache done
Event: 0.233 loading class java/nio/DirectByteBuffer$Deallocator
Event: 0.233 loading class java/nio/DirectByteBuffer$Deallocator done
Event: 0.234 loading class java/nio/ByteBufferAsIntBufferB
Event: 0.234 loading class java/nio/IntBuffer
Event: 0.234 loading class java/nio/IntBuffer done
Event: 0.234 loading class java/nio/ByteBufferAsIntBufferB done
Event: 0.234 loading class sun/font/TrueTypeFont$DirectoryEntry
Event: 0.234 loading class sun/font/TrueTypeFont$DirectoryEntry done
Event: 0.234 loading class java/nio/ByteBufferAsShortBufferB
Event: 0.234 loading class java/nio/ShortBuffer
Event: 0.234 loading class java/nio/ShortBuffer done
Event: 0.234 loading class java/nio/ByteBufferAsShortBufferB done
Event: 0.234 loading class sun/nio/cs/UTF_16$Decoder
Event: 0.234 loading class sun/nio/cs/UnicodeDecoder
Event: 0.234 loading class sun/nio/cs/UnicodeDecoder done
Event: 0.234 loading class sun/nio/cs/UTF_16$Decoder done
Event: 0.239 loading class java/io/RandomAccessFile$1
Event: 0.239 loading class java/io/RandomAccessFile$1 done
Event: 0.266 loading class java/awt/FontFormatException
Event: 0.266 loading class java/awt/FontFormatException done
Event: 0.274 loading class sun/font/SunFontManager$4
Event: 0.275 loading class sun/font/SunFontManager$4 done
Event: 0.294 loading class sun/font/SunFontManager$10
Event: 0.294 loading class sun/font/SunFontManager$10 done
Event: 0.294 Thread 0x000000001fc5b800 Uncommon trap: trap_request=0xffffffde fr.pc=0x0000000002c38010
Event: 0.294 Thread 0x000000001fc5b800 DEOPT PACKING pc=0x0000000002c38010 sp=0x000000002183b230
Event: 0.294 Thread 0x000000001fc5b800 DEOPT UNPACKING pc=0x0000000002b0557b sp=0x000000002183b1c0 mode 2
Event: 0.294 Thread 0x000000001fc5b800 Uncommon trap: trap_request=0xffffffde fr.pc=0x0000000002c38010
Event: 0.294 Thread 0x000000001fc5b800 DEOPT PACKING pc=0x0000000002c38010 sp=0x000000002183b230
Event: 0.294 Thread 0x000000001fc5b800 DEOPT UNPACKING pc=0x0000000002b0557b sp=0x000000002183b1c0 mode 2
Event: 0.294 Thread 0x000000001fc5b800 Uncommon trap: trap_request=0xffffffde fr.pc=0x0000000002c38010
Event: 0.294 Thread 0x000000001fc5b800 DEOPT PACKING pc=0x0000000002c38010 sp=0x000000002183b230
Event: 0.294 Thread 0x000000001fc5b800 DEOPT UNPACKING pc=0x0000000002b0557b sp=0x000000002183b1c0 mode 2
Event: 0.294 Thread 0x000000001fc5b800 Uncommon trap: trap_request=0xffffffde fr.pc=0x0000000002c38010
Event: 0.294 Thread 0x000000001fc5b800 DEOPT PACKING pc=0x0000000002c38010 sp=0x000000002183b230
Event: 0.294 Thread 0x000000001fc5b800 DEOPT UNPACKING pc=0x0000000002b0557b sp=0x000000002183b1c0 mode 2
Event: 0.297 loading class sun/font/SunFontManager$11
Event: 0.297 loading class sun/font/SunFontManager$11 done
Event: 0.302 loading class java/util/LinkedHashMap$LinkedKeySet
Event: 0.302 loading class java/util/LinkedHashMap$LinkedKeySet done
Event: 0.302 loading class java/util/LinkedHashMap$LinkedKeyIterator
Event: 0.302 loading class java/util/LinkedHashMap$LinkedKeyIterator done
Event: 0.355 loading class java/util/concurrent/ConcurrentHashMap$ValueIterator
Event: 0.356 loading class java/util/concurrent/ConcurrentHashMap$ValueIterator done
Event: 0.363 Thread 0x000000001fc5b800 Uncommon trap: trap_request=0xffffff65 fr.pc=0x0000000002c7e80c
Event: 0.363 Thread 0x000000001fc5b800 DEOPT PACKING pc=0x0000000002c7e80c sp=0x000000002183bcf0
Event: 0.363 Thread 0x000000001fc5b800 DEOPT UNPACKING pc=0x0000000002b0557b sp=0x000000002183bb60 mode 2
Event: 0.363 loading class java/lang/CharacterData00
Event: 0.363 loading class java/lang/CharacterData00 done
Event: 0.363 Executing VM operation: Deoptimize
Event: 0.364 Executing VM operation: Deoptimize done
Event: 0.366 Thread 0x000000001fc5b800 Uncommon trap: trap_request=0xffffff65 fr.pc=0x0000000002cd4730
Event: 0.366 Thread 0x000000001fc5b800 DEOPT PACKING pc=0x0000000002cd4730 sp=0x000000002183b810
Event: 0.366 Thread 0x000000001fc5b800 DEOPT UNPACKING pc=0x0000000002b0557b sp=0x000000002183b738 mode 2


Dynamic libraries:
0x00007ff7006d0000 - 0x00007ff700719000 	C:\Program Files\ojdkbuild\java-1.8.0-openjdk-1.8.0.201-1\bin\javaw.exe
0x00007ff8b2d60000 - 0x00007ff8b2f4d000 	C:\Windows\SYSTEM32\ntdll.dll
0x00007ff8b2a00000 - 0x00007ff8b2ab3000 	C:\Windows\System32\KERNEL32.DLL
0x00007ff8afae0000 - 0x00007ff8afd73000 	C:\Windows\System32\KERNELBASE.dll
0x00007ff8b21f0000 - 0x00007ff8b2293000 	C:\Windows\System32\ADVAPI32.dll
0x00007ff8b22a0000 - 0x00007ff8b233e000 	C:\Windows\System32\msvcrt.dll
0x00007ff8b06f0000 - 0x00007ff8b078e000 	C:\Windows\System32\sechost.dll
0x00007ff8b20b0000 - 0x00007ff8b21d2000 	C:\Windows\System32\RPCRT4.dll
0x00007ff8b1ea0000 - 0x00007ff8b2037000 	C:\Windows\System32\USER32.dll
0x00007ff8af580000 - 0x00007ff8af5a0000 	C:\Windows\System32\win32u.dll
0x00007ff8b0790000 - 0x00007ff8b07b9000 	C:\Windows\System32\GDI32.dll
0x00007ff8afdd0000 - 0x00007ff8aff69000 	C:\Windows\System32\gdi32full.dll
0x00007ff8af5a0000 - 0x00007ff8af640000 	C:\Windows\System32\msvcp_win.dll
0x00007ff8af9e0000 - 0x00007ff8afada000 	C:\Windows\System32\ucrtbase.dll
0x00007ff897150000 - 0x00007ff8973c9000 	C:\Windows\WinSxS\amd64_microsoft.windows.common-controls_6595b64144ccf1df_6.0.17763.615_none_05b4414a072024d4\COMCTL32.dll
0x00007ff8b2420000 - 0x00007ff8b274c000 	C:\Windows\System32\combase.dll
0x00007ff8af960000 - 0x00007ff8af9de000 	C:\Windows\System32\bcryptPrimitives.dll
0x00007ff8b2ac0000 - 0x00007ff8b2aee000 	C:\Windows\System32\IMM32.DLL
0x0000000059750000 - 0x0000000059822000 	C:\Program Files\ojdkbuild\java-1.8.0-openjdk-1.8.0.201-1\jre\bin\msvcr100.dll
0x0000000059830000 - 0x000000005a0f1000 	C:\Program Files\ojdkbuild\java-1.8.0-openjdk-1.8.0.201-1\jre\bin\server\jvm.dll
0x00007ff8b21e0000 - 0x00007ff8b21e8000 	C:\Windows\System32\PSAPI.DLL
0x00007ff88e030000 - 0x00007ff88e039000 	C:\Windows\SYSTEM32\WSOCK32.dll
0x00007ff8a3470000 - 0x00007ff8a3494000 	C:\Windows\SYSTEM32\WINMM.dll
0x00007ff8a55f0000 - 0x00007ff8a55fa000 	C:\Windows\SYSTEM32\VERSION.dll
0x00007ff8b2350000 - 0x00007ff8b23bd000 	C:\Windows\System32\WS2_32.dll
0x00007ff8a34d0000 - 0x00007ff8a34fd000 	C:\Windows\SYSTEM32\WINMMBASE.dll
0x00007ff8afd80000 - 0x00007ff8afdca000 	C:\Windows\System32\cfgmgr32.dll
0x00007ff8a6830000 - 0x00007ff8a683f000 	C:\Program Files\ojdkbuild\java-1.8.0-openjdk-1.8.0.201-1\jre\bin\verify.dll
0x00007ff8a6410000 - 0x00007ff8a6439000 	C:\Program Files\ojdkbuild\java-1.8.0-openjdk-1.8.0.201-1\jre\bin\java.dll
0x00007ff8a66c0000 - 0x00007ff8a66d6000 	C:\Program Files\ojdkbuild\java-1.8.0-openjdk-1.8.0.201-1\jre\bin\zip.dll
0x00007ff8b07c0000 - 0x00007ff8b1cb0000 	C:\Windows\System32\SHELL32.dll
0x00007ff8b2950000 - 0x00007ff8b29f8000 	C:\Windows\System32\shcore.dll
0x00007ff8aee30000 - 0x00007ff8af57a000 	C:\Windows\System32\windows.storage.dll
0x00007ff8aee00000 - 0x00007ff8aee24000 	C:\Windows\System32\profapi.dll
0x00007ff8aeda0000 - 0x00007ff8aedfd000 	C:\Windows\System32\powrprof.dll
0x00007ff8b1e40000 - 0x00007ff8b1e92000 	C:\Windows\System32\shlwapi.dll
0x00007ff8aed60000 - 0x00007ff8aed71000 	C:\Windows\System32\kernel.appcore.dll
0x00007ff8aff70000 - 0x00007ff8aff87000 	C:\Windows\System32\cryptsp.dll
0x00007ff897b70000 - 0x00007ff897d1b000 	C:\Program Files\ojdkbuild\java-1.8.0-openjdk-1.8.0.201-1\jre\bin\awt.dll
0x00007ff8b2750000 - 0x00007ff8b2814000 	C:\Windows\System32\OLEAUT32.dll
0x00007ff8a4b80000 - 0x00007ff8a4c0c000 	C:\Windows\SYSTEM32\apphelp.dll
0x00007ff8ad090000 - 0x00007ff8ad0be000 	C:\Windows\system32\DWMAPI.DLL
0x00007ff8af6f0000 - 0x00007ff8af8cb000 	C:\Windows\System32\CRYPT32.dll
0x00007ff8aed80000 - 0x00007ff8aed92000 	C:\Windows\System32\MSASN1.dll
0x00007ff8a98b0000 - 0x00007ff8a994c000 	C:\Windows\system32\uxtheme.dll
0x00007ff892290000 - 0x00007ff8923b7000 	C:\Windows\system32\opengl32.dll
0x00007ff892260000 - 0x00007ff89228c000 	C:\Windows\SYSTEM32\GLU32.dll
0x00007ff8b1cb0000 - 0x00007ff8b1e1b000 	C:\Windows\System32\MSCTF.dll
0x00007ff8b2b70000 - 0x00007ff8b2cc5000 	C:\Windows\System32\ole32.dll
0x00007ff898dc0000 - 0x00007ff898e63000 	C:\Program Files\ojdkbuild\java-1.8.0-openjdk-1.8.0.201-1\jre\bin\freetype.dll
0x00007ff89b9c0000 - 0x00007ff89ba09000 	C:\Program Files\ojdkbuild\java-1.8.0-openjdk-1.8.0.201-1\jre\bin\fontmanager.dll
0x00007ff89b550000 - 0x00007ff89b5e5000 	C:\Windows\System32\TextInputFramework.dll
0x00007ff8a2b90000 - 0x00007ff8a2eb2000 	C:\Windows\System32\CoreUIComponents.dll
0x00007ff8a6c30000 - 0x00007ff8a6d12000 	C:\Windows\System32\CoreMessaging.dll
0x00007ff8adb20000 - 0x00007ff8adb51000 	C:\Windows\SYSTEM32\ntmarta.dll
0x00007ff8a8590000 - 0x00007ff8a86e3000 	C:\Windows\SYSTEM32\wintypes.dll
0x00007ff8a6260000 - 0x00007ff8a627a000 	C:\Program Files\ojdkbuild\java-1.8.0-openjdk-1.8.0.201-1\jre\bin\net.dll
0x00007ff899da0000 - 0x00007ff899f77000 	C:\Windows\SYSTEM32\urlmon.dll
0x00007ff89bb20000 - 0x00007ff89bdc8000 	C:\Windows\SYSTEM32\iertutil.dll
0x00007ff8ae7a0000 - 0x00007ff8ae7ac000 	C:\Windows\SYSTEM32\CRYPTBASE.DLL
0x00007ff8ae5d0000 - 0x00007ff8ae637000 	C:\Windows\system32\mswsock.dll
0x00007ff8a61d0000 - 0x00007ff8a61e1000 	C:\Program Files\ojdkbuild\java-1.8.0-openjdk-1.8.0.201-1\jre\bin\nio.dll

VM Arguments:
jvm_args: -Dfile.encoding=Cp1252 
java_command: login_ragister_design.Login_Form
java_class_path (initial): D:\java\Eclipse_Uebung\Login_Ragister_Design\bin
Launcher Type: SUN_STANDARD

Environment Variables:
PATH=C:/Program Files/ojdkbuild/java-1.8.0-openjdk-1.8.0.201-1/bin/../jre/bin/server;C:/Program Files/ojdkbuild/java-1.8.0-openjdk-1.8.0.201-1/bin/../jre/bin;C:/Program Files/ojdkbuild/java-1.8.0-openjdk-1.8.0.201-1/bin/../jre/lib/amd64;C:\Program Files (x86)\Intel\Intel(R) Management Engine Components\iCLS\;C:\Program Files\Intel\Intel(R) Management Engine Components\iCLS\;C:\Windows\system32;C:\Windows;C:\Windows\System32\Wbem;C:\Windows\System32\WindowsPowerShell\v1.0\;C:\Windows\System32\OpenSSH\;C:\Program Files (x86)\Intel\Intel(R) Management Engine Components\DAL;C:\Program Files\Intel\Intel(R) Management Engine Components\DAL;C:\Program Files (x86)\NVIDIA Corporation\PhysX\Common;C:\Program Files\ojdkbuild\java-1.8.0-openjdk-1.8.0.201-1\bin;C:\Program Files\dotnet\;C:\Program Files (x86)\Microsoft SQL Server\Client SDK\ODBC\130\Tools\Binn\;C:\Program Files (x86)\Microsoft SQL Server\140\Tools\Binn\;C:\Program Files (x86)\Microsoft SQL Server\140\DTS\Binn\;C:\Program Files (x86)\Microsoft SQL Server\140\Tools\Binn\ManagementStudio\;C:\Program Files\Microsoft SQL Server\Client SDK\ODBC\130\Tools\Binn\;C:\Program Files\Microsoft SQL Server\140\Tools\Binn\;C:\Program Files\Microsoft SQL Server\140\DTS\Binn\;C:\Users\wessam.alsalman\AppData\Local\Microsoft\WindowsApps;C:\Program Files (x86)\Sophos\Sophos SSL VPN Client\bin;D:\eclipse;
USERNAME=Wessam.AlSalman
OS=Windows_NT
PROCESSOR_IDENTIFIER=Intel64 Family 6 Model 158 Stepping 10, GenuineIntel



---------------  S Y S T E M  ---------------

OS: Windows 10.0 , 64 bit Build 17763 (10.0.17763.475)

CPU:total 12 (initial active 12) (6 cores per cpu, 2 threads per core) family 6 model 158 stepping 10, cmov, cx8, fxsr, mmx, sse, sse2, sse3, ssse3, sse4.1, sse4.2, popcnt, avx, avx2, aes, clmul, erms, 3dnowpref, lzcnt, ht, tsc, tscinvbit, bmi1, bmi2, adx

Memory: 4k page, physical 16503120k(6103776k free), swap 51424588k(3552k free)

vm_info: OpenJDK 64-Bit Server VM (25.201-b09) for windows-amd64 JRE (1.8.0_201-1-ojdkbuild-b09), built on Jan 24 2019 07:40:01 by "Administrator" with MS VC++ 10.0 (VS2010)

time: Fri Aug 02 12:01:53 2019
timezone: Mitteleuropische Sommerzeit
elapsed time: 0 seconds (0d 0h 0m 0s)

