#
# There is insufficient memory for the Java Runtime Environment to continue.
# Native memory allocation (malloc) failed to allocate 1048576 bytes for AllocateHeap
# Possible reasons:
#   The system is out of physical RAM or swap space
#   The process is running with CompressedOops enabled, and the Java Heap may be blocking the growth of the native heap
# Possible solutions:
#   Reduce memory load on the system
#   Increase physical memory or swap space
#   Check if swap backing store is full
#   Decrease Java heap size (-Xmx/-Xms)
#   Decrease number of Java threads
#   Decrease Java thread stack sizes (-Xss)
#   Set larger code cache with -XX:ReservedCodeCacheSize=
#   JVM is running with Zero Based Compressed Oops mode in which the Java heap is
#     placed in the first 32GB address space. The Java Heap base address is the
#     maximum limit for the native heap growth. Please use -XX:HeapBaseMinAddress
#     to set the Java Heap base and to place the Java Heap above 32GB virtual address.
# This output file may be truncated or incomplete.
#
#  Out of Memory Error (memory/allocation.inline.hpp:61), pid=13516, tid=0x00000000000055dc
#
# JRE version:  (8.0_201-b09) (build )
# Java VM: OpenJDK 64-Bit Server VM (25.201-b09 mixed mode windows-amd64 compressed oops)
# Failed to write core dump. Minidumps are not enabled by default on client versions of Windows
#

---------------  T H R E A D  ---------------

Current thread (0x0000000003008000):  JavaThread "Unknown thread" [_thread_in_vm, id=21980, stack(0x0000000002ec0000,0x0000000002fc0000)]

Stack: [0x0000000002ec0000,0x0000000002fc0000]
[error occurred during error reporting (printing stack bounds), id 0xc0000005]

Native frames: (J=compiled Java code, j=interpreted, Vv=VM code, C=native code)


---------------  P R O C E S S  ---------------

Java Threads: ( => current thread )

Other Threads:

=>0x0000000003008000 (exited) JavaThread "Unknown thread" [_thread_in_vm, id=21980, stack(0x0000000002ec0000,0x0000000002fc0000)]

VM state:not at safepoint (normal execution)

VM Mutex/Monitor currently owned by a thread: None

heap address: 0x00000006c4200000, size: 4030 MB, Compressed Oops mode: Zero based, Oop shift amount: 3
Narrow klass base: 0x0000000000000000, Narrow klass shift: 3
Compressed class space size: 1073741824 Address: 0x00000007c0000000

Heap:
 PSYoungGen      total 75264K, used 1290K [0x000000076c100000, 0x0000000771500000, 0x00000007c0000000)
  eden space 64512K, 2% used [0x000000076c100000,0x000000076c242900,0x0000000770000000)
  from space 10752K, 0% used [0x0000000770a80000,0x0000000770a80000,0x0000000771500000)
  to   space 10752K, 0% used [0x0000000770000000,0x0000000770000000,0x0000000770a80000)
 ParOldGen       total 172032K, used 0K [0x00000006c4200000, 0x00000006cea00000, 0x000000076c100000)
  object space 172032K, 0% used [0x00000006c4200000,0x00000006c4200000,0x00000006cea00000)
 Metaspace       used 872K, capacity 4480K, committed 4480K, reserved 1056768K
  class space    used 74K, capacity 384K, committed 384K, reserved 1048576K

Card table byte_map: [0x0000000012480000,0x0000000012c60000] byte_map_base: 0x000000000ee5f000

Marking Bits: (ParMarkBitMap*) 0x000000005a06beb0
 Begin Bits: [0x0000000013ba0000, 0x0000000017a98000)
 End Bits:   [0x0000000017a98000, 0x000000001b990000)

Polling page: 0x00000000016a0000

CodeCache: size=245760Kb used=328Kb max_used=328Kb free=245431Kb
 bounds [0x00000000030c0000, 0x0000000003330000, 0x00000000120c0000]
 total_blobs=57 nmethods=0 adapters=38
 compilation: enabled

Compilation events (0 events):
No events

GC Heap History (0 events):
No events

Deoptimization events (0 events):
No events

Classes redefined (0 events):
No events

Internal exceptions (0 events):
No events

Events (216 events):
Event: 0.007 loading class java/lang/Object
Event: 0.010 loading class java/lang/Object done
Event: 0.010 loading class java/lang/String
Event: 0.010 loading class java/io/Serializable
Event: 0.010 loading class java/io/Serializable done
Event: 0.010 loading class java/lang/Comparable
Event: 0.010 loading class java/lang/Comparable done
Event: 0.010 loading class java/lang/CharSequence
Event: 0.010 loading class java/lang/CharSequence done
Event: 0.010 loading class java/lang/String done
Event: 0.010 loading class java/lang/Class
Event: 0.011 loading class java/lang/reflect/GenericDeclaration
Event: 0.011 loading class java/lang/reflect/AnnotatedElement
Event: 0.011 loading class java/lang/reflect/AnnotatedElement done
Event: 0.011 loading class java/lang/reflect/GenericDeclaration done
Event: 0.011 loading class java/lang/reflect/Type
Event: 0.011 loading class java/lang/reflect/Type done
Event: 0.011 loading class java/lang/Class done
Event: 0.011 loading class java/lang/Cloneable
Event: 0.011 loading class java/lang/Cloneable done
Event: 0.011 loading class java/lang/ClassLoader
Event: 0.011 loading class java/lang/ClassLoader done
Event: 0.011 loading class java/lang/System
Event: 0.011 loading class java/lang/System done
Event: 0.011 loading class java/lang/Throwable
Event: 0.011 loading class java/lang/Throwable done
Event: 0.011 loading class java/lang/Error
Event: 0.011 loading class java/lang/Error done
Event: 0.011 loading class java/lang/ThreadDeath
Event: 0.011 loading class java/lang/ThreadDeath done
Event: 0.011 loading class java/lang/Exception
Event: 0.011 loading class java/lang/Exception done
Event: 0.011 loading class java/lang/RuntimeException
Event: 0.011 loading class java/lang/RuntimeException done
Event: 0.011 loading class java/lang/SecurityManager
Event: 0.011 loading class java/lang/SecurityManager done
Event: 0.011 loading class java/security/ProtectionDomain
Event: 0.012 loading class java/security/ProtectionDomain done
Event: 0.012 loading class java/security/AccessControlContext
Event: 0.012 loading class java/security/AccessControlContext done
Event: 0.012 loading class java/security/SecureClassLoader
Event: 0.012 loading class java/security/SecureClassLoader done
Event: 0.012 loading class java/lang/ClassNotFoundException
Event: 0.012 loading class java/lang/ReflectiveOperationException
Event: 0.012 loading class java/lang/ReflectiveOperationException done
Event: 0.012 loading class java/lang/ClassNotFoundException done
Event: 0.012 loading class java/lang/NoClassDefFoundError
Event: 0.012 loading class java/lang/LinkageError
Event: 0.012 loading class java/lang/LinkageError done
Event: 0.012 loading class java/lang/NoClassDefFoundError done
Event: 0.012 loading class java/lang/ClassCastException
Event: 0.012 loading class java/lang/ClassCastException done
Event: 0.012 loading class java/lang/ArrayStoreException
Event: 0.012 loading class java/lang/ArrayStoreException done
Event: 0.012 loading class java/lang/VirtualMachineError
Event: 0.012 loading class java/lang/VirtualMachineError done
Event: 0.012 loading class java/lang/OutOfMemoryError
Event: 0.012 loading class java/lang/OutOfMemoryError done
Event: 0.012 loading class java/lang/StackOverflowError
Event: 0.012 loading class java/lang/StackOverflowError done
Event: 0.012 loading class java/lang/IllegalMonitorStateException
Event: 0.012 loading class java/lang/IllegalMonitorStateException done
Event: 0.012 loading class java/lang/ref/Reference
Event: 0.012 loading class java/lang/ref/Reference done
Event: 0.012 loading class java/lang/ref/SoftReference
Event: 0.012 loading class java/lang/ref/SoftReference done
Event: 0.012 loading class java/lang/ref/WeakReference
Event: 0.012 loading class java/lang/ref/WeakReference done
Event: 0.012 loading class java/lang/ref/FinalReference
Event: 0.012 loading class java/lang/ref/FinalReference done
Event: 0.012 loading class java/lang/ref/PhantomReference
Event: 0.012 loading class java/lang/ref/PhantomReference done
Event: 0.012 loading class sun/misc/Cleaner
Event: 0.012 loading class sun/misc/Cleaner done
Event: 0.012 loading class java/lang/ref/Finalizer
Event: 0.012 loading class java/lang/ref/Finalizer done
Event: 0.012 loading class java/lang/ref/ReferenceQueue
Event: 0.012 loading class java/lang/ref/ReferenceQueue done
Event: 0.012 loading class java/lang/Thread
Event: 0.012 loading class java/lang/Runnable
Event: 0.012 loading class java/lang/Runnable done
Event: 0.012 loading class java/lang/Thread done
Event: 0.012 loading class java/lang/ThreadGroup
Event: 0.012 loading class java/lang/Thread$UncaughtExceptionHandler
Event: 0.012 loading class java/lang/Thread$UncaughtExceptionHandler done
Event: 0.012 loading class java/lang/ThreadGroup done
Event: 0.012 loading class java/util/Properties
Event: 0.012 loading class java/util/Hashtable
Event: 0.013 loading class java/util/Map
Event: 0.013 loading class java/util/Map done
Event: 0.013 loading class java/util/Dictionary
Event: 0.013 loading class java/util/Dictionary done
Event: 0.013 loading class java/util/Hashtable done
Event: 0.013 loading class java/util/Properties done
Event: 0.013 loading class java/lang/reflect/AccessibleObject
Event: 0.013 loading class java/lang/reflect/AccessibleObject done
Event: 0.013 loading class java/lang/reflect/Field
Event: 0.013 loading class java/lang/reflect/Member
Event: 0.013 loading class java/lang/reflect/Member done
Event: 0.013 loading class java/lang/reflect/Field done
Event: 0.013 loading class java/lang/reflect/Parameter
Event: 0.013 loading class java/lang/reflect/Parameter done
Event: 0.013 loading class java/lang/reflect/Method
Event: 0.013 loading class java/lang/reflect/Executable
Event: 0.013 loading class java/lang/reflect/Executable done
Event: 0.013 loading class java/lang/reflect/Method done
Event: 0.013 loading class java/lang/reflect/Constructor
Event: 0.013 loading class java/lang/reflect/Constructor done
Event: 0.013 loading class sun/reflect/MagicAccessorImpl
Event: 0.013 loading class sun/reflect/MagicAccessorImpl done
Event: 0.013 loading class sun/reflect/MethodAccessorImpl
Event: 0.013 loading class sun/reflect/MethodAccessor
Event: 0.013 loading class sun/reflect/MethodAccessor done
Event: 0.013 loading class sun/reflect/MethodAccessorImpl done
Event: 0.013 loading class sun/reflect/ConstructorAccessorImpl
Event: 0.013 loading class sun/reflect/ConstructorAccessor
Event: 0.013 loading class sun/reflect/ConstructorAccessor done
Event: 0.013 loading class sun/reflect/ConstructorAccessorImpl done
Event: 0.013 loading class sun/reflect/DelegatingClassLoader
Event: 0.013 loading class sun/reflect/DelegatingClassLoader done
Event: 0.013 loading class sun/reflect/ConstantPool
Event: 0.013 loading class sun/reflect/ConstantPool done
Event: 0.013 loading class sun/reflect/UnsafeStaticFieldAccessorImpl
Event: 0.013 loading class sun/reflect/UnsafeFieldAccessorImpl
Event: 0.014 loading class sun/reflect/FieldAccessorImpl
Event: 0.014 loading class sun/reflect/FieldAccessor
Event: 0.014 loading class sun/reflect/FieldAccessor done
Event: 0.014 loading class sun/reflect/FieldAccessorImpl done
Event: 0.014 loading class sun/reflect/UnsafeFieldAccessorImpl done
Event: 0.014 loading class sun/reflect/UnsafeStaticFieldAccessorImpl done
Event: 0.014 loading class sun/reflect/CallerSensitive
Event: 0.014 loading class java/lang/annotation/Annotation
Event: 0.014 loading class java/lang/annotation/Annotation done
Event: 0.014 loading class sun/reflect/CallerSensitive done
Event: 0.014 loading class java/lang/invoke/DirectMethodHandle
Event: 0.014 loading class java/lang/invoke/MethodHandle
Event: 0.014 loading class java/lang/invoke/MethodHandle done
Event: 0.014 loading class java/lang/invoke/DirectMethodHandle done
Event: 0.014 loading class java/lang/invoke/MemberName
Event: 0.014 loading class java/lang/invoke/MemberName done
Event: 0.014 loading class java/lang/invoke/MethodHandleNatives
Event: 0.014 loading class java/lang/invoke/MethodHandleNatives done
Event: 0.014 loading class java/lang/invoke/LambdaForm
Event: 0.014 loading class java/lang/invoke/LambdaForm done
Event: 0.014 loading class java/lang/invoke/MethodType
Event: 0.014 loading class java/lang/invoke/MethodType done
Event: 0.014 loading class java/lang/BootstrapMethodError
Event: 0.015 loading class java/lang/BootstrapMethodError done
Event: 0.015 loading class java/lang/invoke/CallSite
Event: 0.015 loading class java/lang/invoke/CallSite done
Event: 0.015 loading class java/lang/invoke/ConstantCallSite
Event: 0.015 loading class java/lang/invoke/ConstantCallSite done
Event: 0.015 loading class java/lang/invoke/MutableCallSite
Event: 0.015 loading class java/lang/invoke/MutableCallSite done
Event: 0.015 loading class java/lang/invoke/VolatileCallSite
Event: 0.015 loading class java/lang/invoke/VolatileCallSite done
Event: 0.015 loading class java/lang/StringBuffer
Event: 0.015 loading class java/lang/AbstractStringBuilder
Event: 0.015 loading class java/lang/Appendable
Event: 0.015 loading class java/lang/Appendable done
Event: 0.015 loading class java/lang/AbstractStringBuilder done
Event: 0.015 loading class java/lang/StringBuffer done
Event: 0.015 loading class java/lang/StringBuilder
Event: 0.015 loading class java/lang/StringBuilder done
Event: 0.015 loading class sun/misc/Unsafe
Event: 0.015 loading class sun/misc/Unsafe done
Event: 0.015 loading class java/io/ByteArrayInputStream
Event: 0.015 loading class java/io/InputStream
Event: 0.015 loading class java/io/Closeable
Event: 0.015 loading class java/lang/AutoCloseable
Event: 0.015 loading class java/lang/AutoCloseable done
Event: 0.015 loading class java/io/Closeable done
Event: 0.015 loading class java/io/InputStream done
Event: 0.015 loading class java/io/ByteArrayInputStream done
Event: 0.015 loading class java/io/File
Event: 0.016 loading class java/io/File done
Event: 0.016 loading class java/net/URLClassLoader
Event: 0.016 loading class java/net/URLClassLoader done
Event: 0.016 loading class java/net/URL
Event: 0.016 loading class java/net/URL done
Event: 0.016 loading class java/util/jar/Manifest
Event: 0.016 loading class java/util/jar/Manifest done
Event: 0.016 loading class sun/misc/Launcher
Event: 0.016 loading class sun/misc/Launcher done
Event: 0.016 loading class sun/misc/Launcher$AppClassLoader
Event: 0.016 loading class sun/misc/Launcher$AppClassLoader done
Event: 0.016 loading class sun/misc/Launcher$ExtClassLoader
Event: 0.016 loading class sun/misc/Launcher$ExtClassLoader done
Event: 0.016 loading class java/security/CodeSource
Event: 0.016 loading class java/security/CodeSource done
Event: 0.016 loading class java/lang/StackTraceElement
Event: 0.016 loading class java/lang/StackTraceElement done
Event: 0.016 loading class java/nio/Buffer
Event: 0.016 loading class java/nio/Buffer done
Event: 0.016 loading class java/lang/Boolean
Event: 0.016 loading class java/lang/Boolean done
Event: 0.016 loading class java/lang/Character
Event: 0.016 loading class java/lang/Character done
Event: 0.016 loading class java/lang/Float
Event: 0.016 loading class java/lang/Number
Event: 0.016 loading class java/lang/Number done
Event: 0.016 loading class java/lang/Float done
Event: 0.016 loading class java/lang/Double
Event: 0.017 loading class java/lang/Double done
Event: 0.017 loading class java/lang/Byte
Event: 0.017 loading class java/lang/Byte done
Event: 0.017 loading class java/lang/Short
Event: 0.017 loading class java/lang/Short done
Event: 0.017 loading class java/lang/Integer
Event: 0.017 loading class java/lang/Integer done
Event: 0.017 loading class java/lang/Long
Event: 0.017 loading class java/lang/Long done
Event: 0.017 loading class java/lang/NullPointerException
Event: 0.017 loading class java/lang/NullPointerException done
Event: 0.017 loading class java/lang/ArithmeticException
Event: 0.017 loading class java/lang/ArithmeticException done


Dynamic libraries:
0x00007ff7006d0000 - 0x00007ff700719000 	C:\Program Files\ojdkbuild\java-1.8.0-openjdk-1.8.0.201-1\bin\javaw.exe
0x00007ff8b2d60000 - 0x00007ff8b2f4d000 	C:\Windows\SYSTEM32\ntdll.dll
0x00007ff8b2a00000 - 0x00007ff8b2ab3000 	C:\Windows\System32\KERNEL32.DLL
0x00007ff8afae0000 - 0x00007ff8afd73000 	C:\Windows\System32\KERNELBASE.dll
0x00007ff8b21f0000 - 0x00007ff8b2293000 	C:\Windows\System32\ADVAPI32.dll
0x00007ff8b22a0000 - 0x00007ff8b233e000 	C:\Windows\System32\msvcrt.dll
0x00007ff8b06f0000 - 0x00007ff8b078e000 	C:\Windows\System32\sechost.dll
0x00007ff8b20b0000 - 0x00007ff8b21d2000 	C:\Windows\System32\RPCRT4.dll
0x00007ff8b1ea0000 - 0x00007ff8b2037000 	C:\Windows\System32\USER32.dll
0x00007ff8af580000 - 0x00007ff8af5a0000 	C:\Windows\System32\win32u.dll
0x00007ff8b0790000 - 0x00007ff8b07b9000 	C:\Windows\System32\GDI32.dll
0x00007ff8afdd0000 - 0x00007ff8aff69000 	C:\Windows\System32\gdi32full.dll
0x00007ff8af5a0000 - 0x00007ff8af640000 	C:\Windows\System32\msvcp_win.dll
0x00007ff8af9e0000 - 0x00007ff8afada000 	C:\Windows\System32\ucrtbase.dll
0x00007ff897150000 - 0x00007ff8973c9000 	C:\Windows\WinSxS\amd64_microsoft.windows.common-controls_6595b64144ccf1df_6.0.17763.615_none_05b4414a072024d4\COMCTL32.dll
0x00007ff8b2420000 - 0x00007ff8b274c000 	C:\Windows\System32\combase.dll
0x00007ff8af960000 - 0x00007ff8af9de000 	C:\Windows\System32\bcryptPrimitives.dll
0x00007ff8b2ac0000 - 0x00007ff8b2aee000 	C:\Windows\System32\IMM32.DLL
0x0000000059750000 - 0x0000000059822000 	C:\Program Files\ojdkbuild\java-1.8.0-openjdk-1.8.0.201-1\jre\bin\msvcr100.dll
0x0000000059830000 - 0x000000005a0f1000 	C:\Program Files\ojdkbuild\java-1.8.0-openjdk-1.8.0.201-1\jre\bin\server\jvm.dll
0x00007ff8b21e0000 - 0x00007ff8b21e8000 	C:\Windows\System32\PSAPI.DLL
0x00007ff88e030000 - 0x00007ff88e039000 	C:\Windows\SYSTEM32\WSOCK32.dll
0x00007ff8a3470000 - 0x00007ff8a3494000 	C:\Windows\SYSTEM32\WINMM.dll
0x00007ff8a55f0000 - 0x00007ff8a55fa000 	C:\Windows\SYSTEM32\VERSION.dll
0x00007ff8b2350000 - 0x00007ff8b23bd000 	C:\Windows\System32\WS2_32.dll
0x00007ff8a34d0000 - 0x00007ff8a34fd000 	C:\Windows\SYSTEM32\WINMMBASE.dll
0x00007ff8afd80000 - 0x00007ff8afdca000 	C:\Windows\System32\cfgmgr32.dll
0x00007ff8a6830000 - 0x00007ff8a683f000 	C:\Program Files\ojdkbuild\java-1.8.0-openjdk-1.8.0.201-1\jre\bin\verify.dll
0x00007ff8a6410000 - 0x00007ff8a6439000 	C:\Program Files\ojdkbuild\java-1.8.0-openjdk-1.8.0.201-1\jre\bin\java.dll
0x00007ff8a66c0000 - 0x00007ff8a66d6000 	C:\Program Files\ojdkbuild\java-1.8.0-openjdk-1.8.0.201-1\jre\bin\zip.dll

VM Arguments:
jvm_args: -Dfile.encoding=Cp1252 
java_command: login_ragister_design.Login_Form
java_class_path (initial): D:\java\Eclipse_Uebung\Login_Ragister_Design\bin
Launcher Type: SUN_STANDARD

Environment Variables:
PATH=C:/Program Files/ojdkbuild/java-1.8.0-openjdk-1.8.0.201-1/bin/../jre/bin/server;C:/Program Files/ojdkbuild/java-1.8.0-openjdk-1.8.0.201-1/bin/../jre/bin;C:/Program Files/ojdkbuild/java-1.8.0-openjdk-1.8.0.201-1/bin/../jre/lib/amd64;C:\Program Files (x86)\Intel\Intel(R) Management Engine Components\iCLS\;C:\Program Files\Intel\Intel(R) Management Engine Components\iCLS\;C:\Windows\system32;C:\Windows;C:\Windows\System32\Wbem;C:\Windows\System32\WindowsPowerShell\v1.0\;C:\Windows\System32\OpenSSH\;C:\Program Files (x86)\Intel\Intel(R) Management Engine Components\DAL;C:\Program Files\Intel\Intel(R) Management Engine Components\DAL;C:\Program Files (x86)\NVIDIA Corporation\PhysX\Common;C:\Program Files\ojdkbuild\java-1.8.0-openjdk-1.8.0.201-1\bin;C:\Program Files\dotnet\;C:\Program Files (x86)\Microsoft SQL Server\Client SDK\ODBC\130\Tools\Binn\;C:\Program Files (x86)\Microsoft SQL Server\140\Tools\Binn\;C:\Program Files (x86)\Microsoft SQL Server\140\DTS\Binn\;C:\Program Files (x86)\Microsoft SQL Server\140\Tools\Binn\ManagementStudio\;C:\Program Files\Microsoft SQL Server\Client SDK\ODBC\130\Tools\Binn\;C:\Program Files\Microsoft SQL Server\140\Tools\Binn\;C:\Program Files\Microsoft SQL Server\140\DTS\Binn\;C:\Users\wessam.alsalman\AppData\Local\Microsoft\WindowsApps;C:\Program Files (x86)\Sophos\Sophos SSL VPN Client\bin;D:\eclipse;
USERNAME=Wessam.AlSalman
OS=Windows_NT
PROCESSOR_IDENTIFIER=Intel64 Family 6 Model 158 Stepping 10, GenuineIntel



---------------  S Y S T E M  ---------------

OS: Windows 10.0 , 64 bit Build 17763 (10.0.17763.475)

CPU:total 12 (initial active 12) (6 cores per cpu, 2 threads per core) family 6 model 158 stepping 10, cmov, cx8, fxsr, mmx, sse, sse2, sse3, ssse3, sse4.1, sse4.2, popcnt, avx, avx2, aes, clmul, erms, 3dnowpref, lzcnt, ht, tsc, tscinvbit, bmi1, bmi2, adx

Memory: 4k page, physical 16503120k(7425576k free), swap 51424588k(5976k free)

vm_info: OpenJDK 64-Bit Server VM (25.201-b09) for windows-amd64 JRE (1.8.0_201-1-ojdkbuild-b09), built on Jan 24 2019 07:40:01 by "Administrator" with MS VC++ 10.0 (VS2010)

time: Fri Aug 02 12:29:05 2019
timezone: Mitteleuropäische Sommerzeit
elapsed time: 0 seconds (0d 0h 0m 0s)

